

================================================================
== Synthesis Summary Report of 'rgb2gray'
================================================================
+ General Information: 
    * Date:           Mon Jun 29 17:00:13 2026
    * Version:        2025.2 (Build 6295257 on Nov 14 2025)
    * Project:        rgb2gray_hls
    * Solution:       hls (Vivado IP Flow Target)
    * Product family: zynq
    * Target device:  xc7z014s-clg484-1
    

* Performance & Resource Estimates: 
+--------------------+------+---------------------+----------+---------+--------+----------+---------+-----------+------+---------+--------+-----------+-----------+-----+
|       Modules      | Issue|                     | Iteration|         |  Trip  |          |       Latency       |      |         |        |           |           |     |
|       & Loops      | Type |    Violation Type   |  Latency | Interval|  Count | Pipelined| (cycles)|    (ns)   | Slack|  BRAM   |   DSP  |     FF    |    LUT    | URAM|
+--------------------+------+---------------------+----------+---------+--------+----------+---------+-----------+------+---------+--------+-----------+-----------+-----+
|+ rgb2gray          |     -|                    -|         -|   921600|       -|    rewind|   921620|  9.216e+06|  0.00|  2 (~0%)|  2 (1%)|  1535 (1%)|  1998 (4%)|    -|
| o VITIS_LOOP_24_1  |    II|  Resource Limitation|        22|        3|  307200|       yes|   921618|  9.216e+06|  7.30|        -|       -|          -|          -|    -|
+--------------------+------+---------------------+----------+---------+--------+----------+---------+-----------+------+---------+--------+-----------+-----------+-----+
    II Violation Information: docs.amd.com/access/sources/dita/topic?Doc_Version=2025.2%20English&url=ug1448-hls-guidance&resourceid=200-880.html
    Name Prefix: '+' for module, 'o' for loop, '*' for dataflow


================================================================
== HW Interfaces
================================================================
* M_AXI
+------------+------------+------------+---------------+---------+--------+----------+-----------+--------------+--------------+-------------+-------------+-------------------+
| Interface  | Read/Write | Data Width | Address Width | Latency | Offset | Register | Max Widen | Max Read     | Max Write    | Num Read    | Num Write   | Resource Estimate |
|            |            | (SW->HW)   |               |         |        |          | Bitwidth  | Burst Length | Burst Length | Outstanding | Outstanding |                   |
+------------+------------+------------+---------------+---------+--------+----------+-----------+--------------+--------------+-------------+-------------+-------------------+
| m_axi_gmem | READ_WRITE | 8 -> 8     | 64            | 0       | slave  | 0        | 0         | 16           | 16           | 16          | 16          | BRAM=2            |
+------------+------------+------------+---------------+---------+--------+----------+-----------+--------------+--------------+-------------+-------------+-------------------+

* S_AXILITE Interfaces
+---------------+------------+---------------+--------+----------+
| Interface     | Data Width | Address Width | Offset | Register |
+---------------+------------+---------------+--------+----------+
| s_axi_control | 32         | 6             | 16     | 0        |
+---------------+------------+---------------+--------+----------+

* S_AXILITE Registers
+---------------+----------+--------+-------+--------+----------------------------------+----------------------------------------------------------------------+
| Interface     | Register | Offset | Width | Access | Description                      | Bit Fields                                                           |
+---------------+----------+--------+-------+--------+----------------------------------+----------------------------------------------------------------------+
| s_axi_control | CTRL     | 0x00   | 32    | RW     | Control signals                  | 0=AP_START 1=AP_DONE 2=AP_IDLE 3=AP_READY 7=AUTO_RESTART 9=INTERRUPT |
| s_axi_control | GIER     | 0x04   | 32    | RW     | Global Interrupt Enable Register | 0=Enable                                                             |
| s_axi_control | IP_IER   | 0x08   | 32    | RW     | IP Interrupt Enable Register     | 0=CHAN0_INT_EN 1=CHAN1_INT_EN                                        |
| s_axi_control | IP_ISR   | 0x0c   | 32    | RW     | IP Interrupt Status Register     | 0=CHAN0_INT_ST 1=CHAN1_INT_ST                                        |
| s_axi_control | r_1      | 0x10   | 32    | W      | Data signal of r                 |                                                                      |
| s_axi_control | r_2      | 0x14   | 32    | W      | Data signal of r                 |                                                                      |
| s_axi_control | g_1      | 0x1c   | 32    | W      | Data signal of g                 |                                                                      |
| s_axi_control | g_2      | 0x20   | 32    | W      | Data signal of g                 |                                                                      |
| s_axi_control | b_1      | 0x28   | 32    | W      | Data signal of b                 |                                                                      |
| s_axi_control | b_2      | 0x2c   | 32    | W      | Data signal of b                 |                                                                      |
| s_axi_control | gray_1   | 0x34   | 32    | W      | Data signal of gray              |                                                                      |
| s_axi_control | gray_2   | 0x38   | 32    | W      | Data signal of gray              |                                                                      |
+---------------+----------+--------+-------+--------+----------------------------------+----------------------------------------------------------------------+

* TOP LEVEL CONTROL
+-----------+------------+-----------+
| Interface | Type       | Ports     |
+-----------+------------+-----------+
| ap_clk    | clock      | ap_clk    |
| ap_rst_n  | reset      | ap_rst_n  |
| interrupt | interrupt  | interrupt |
| ap_ctrl   | ap_ctrl_hs |           |
+-----------+------------+-----------+


================================================================
== SW I/O Information
================================================================
* Top Function Arguments
+----------+-----------+-------------+
| Argument | Direction | Datatype    |
+----------+-----------+-------------+
| r        | inout     | ap_uint<8>* |
| g        | inout     | ap_uint<8>* |
| b        | inout     | ap_uint<8>* |
| gray     | inout     | ap_uint<8>* |
+----------+-----------+-------------+

* SW-to-HW Mapping
+----------+---------------+-----------+----------+----------------------------------+
| Argument | HW Interface  | HW Type   | HW Usage | HW Info                          |
+----------+---------------+-----------+----------+----------------------------------+
| r        | m_axi_gmem    | interface |          | channel=0                        |
| r        | s_axi_control | register  | offset   | name=r_1 offset=0x10 range=32    |
| r        | s_axi_control | register  | offset   | name=r_2 offset=0x14 range=32    |
| g        | m_axi_gmem    | interface |          | channel=0                        |
| g        | s_axi_control | register  | offset   | name=g_1 offset=0x1c range=32    |
| g        | s_axi_control | register  | offset   | name=g_2 offset=0x20 range=32    |
| b        | m_axi_gmem    | interface |          | channel=0                        |
| b        | s_axi_control | register  | offset   | name=b_1 offset=0x28 range=32    |
| b        | s_axi_control | register  | offset   | name=b_2 offset=0x2c range=32    |
| gray     | m_axi_gmem    | interface |          | channel=0                        |
| gray     | s_axi_control | register  | offset   | name=gray_1 offset=0x34 range=32 |
| gray     | s_axi_control | register  | offset   | name=gray_2 offset=0x38 range=32 |
+----------+---------------+-----------+----------+----------------------------------+


================================================================
== M_AXI Burst Information
================================================================
 Note: All burst requests might be further partitioned into multiple requests during RTL generation based on max_read_burst_length or max_write_burst_length settings.

* Inferred Burst Summary
+--------------+-----------+--------+-------+-----------------+--------------------+
| HW Interface | Direction | Length | Width | Loop            | Loop Location      |
+--------------+-----------+--------+-------+-----------------+--------------------+
| m_axi_gmem   | write     | 307200 | 8     | VITIS_LOOP_24_1 | rgb2gray.cpp:24:22 |
+--------------+-----------+--------+-------+-----------------+--------------------+

* All M_AXI Variable Accesses
+--------------+----------+--------------------+-----------+--------------+--------+-----------------+--------------------+------------+------------------------------------------------------------------------------------------------------+
| HW Interface | Variable | Access Location    | Direction | Burst Status | Length | Loop            | Loop Location      | Resolution | Problem                                                                                              |
+--------------+----------+--------------------+-----------+--------------+--------+-----------------+--------------------+------------+------------------------------------------------------------------------------------------------------+
| m_axi_gmem   |          | rgb2gray.cpp:24:22 | read      | Fail         |        |                 |                    | 214-224    | Could not burst due to multiple potential reads to the same bundle in the same region.               |
| m_axi_gmem   | gray     | rgb2gray.cpp:26:17 | write     | Widen Fail   |        | VITIS_LOOP_24_1 | rgb2gray.cpp:24:22 | 214-353    | Could not widen since type i8 size is greater than or equal to the max_widen_bitwidth threshold of 0 |
| m_axi_gmem   | b        | rgb2gray.cpp:26:48 | read      | Widen Fail   |        | VITIS_LOOP_24_1 | rgb2gray.cpp:24:22 | 214-353    | Could not widen since type i8 size is greater than or equal to the max_widen_bitwidth threshold of 0 |
| m_axi_gmem   | g        | rgb2gray.cpp:26:36 | read      | Widen Fail   |        | VITIS_LOOP_24_1 | rgb2gray.cpp:24:22 | 214-353    | Could not widen since type i8 size is greater than or equal to the max_widen_bitwidth threshold of 0 |
| m_axi_gmem   | r        | rgb2gray.cpp:26:23 | read      | Widen Fail   |        | VITIS_LOOP_24_1 | rgb2gray.cpp:24:22 | 214-353    | Could not widen since type i8 size is greater than or equal to the max_widen_bitwidth threshold of 0 |
| m_axi_gmem   | gray     | rgb2gray.cpp:26:17 | write     | Inferred     | 307200 | VITIS_LOOP_24_1 | rgb2gray.cpp:24:22 |            |                                                                                                      |
| m_axi_gmem   | b        | rgb2gray.cpp:26:48 | read      | Inferred     | 307200 | VITIS_LOOP_24_1 | rgb2gray.cpp:24:22 |            |                                                                                                      |
| m_axi_gmem   | g        | rgb2gray.cpp:26:36 | read      | Inferred     | 307200 | VITIS_LOOP_24_1 | rgb2gray.cpp:24:22 |            |                                                                                                      |
| m_axi_gmem   | r        | rgb2gray.cpp:26:23 | read      | Inferred     | 307200 | VITIS_LOOP_24_1 | rgb2gray.cpp:24:22 |            |                                                                                                      |
+--------------+----------+--------------------+-----------+--------------+--------+-----------------+--------------------+------------+------------------------------------------------------------------------------------------------------+

    * Resolution URL: docs.amd.com/access/sources/dita/topic?Doc_Version=2025.2%20English&url=ug1448-hls-guidance&resourceid=XXX-YYY.html (replace XXX-YYY with column value)

================================================================
== Bind Op Report
================================================================
+------------------------------------+-----+--------+--------------+-------+-----------+---------+
| Name                               | DSP | Pragma | Variable     | Op    | Impl      | Latency |
+------------------------------------+-----+--------+--------------+-------+-----------+---------+
| + rgb2gray                         | 2   |        |              |       |           |         |
|   first_iter_0_fu_166_p2           |     |        | first_iter_0 | seteq | auto      | 0       |
|   add_ln26_fu_182_p2               |     |        | add_ln26     | add   | fabric    | 0       |
|   mac_muladd_8ns_7ns_16s_16_4_1_U2 | 1   |        | mul_ln26     | mul   | dsp_slice | 3       |
|   add_ln26_1_fu_194_p2             |     |        | add_ln26_1   | add   | fabric    | 0       |
|   mul_8ns_9ns_16_1_1_U1            |     |        | mul_ln26_1   | mul   | auto      | 0       |
|   mac_muladd_8ns_7ns_16s_16_4_1_U2 | 1   |        | zext_ln26_2  | zext  | dsp_slice | 3       |
|   mac_muladd_8ns_7ns_16s_16_4_1_U2 | 1   |        | add_ln26_2   | add   | dsp_slice | 3       |
|   add_ln26_3_fu_206_p2             |     |        | add_ln26_3   | add   | fabric    | 0       |
|   mac_muladd_8ns_5ns_16s_16_4_1_U3 | 1   |        | mul_ln26_2   | mul   | dsp_slice | 3       |
|   mac_muladd_8ns_5ns_16s_16_4_1_U3 | 1   |        | zext_ln26_4  | zext  | dsp_slice | 3       |
|   mac_muladd_8ns_5ns_16s_16_4_1_U3 | 1   |        | add_ln26_4   | add   | dsp_slice | 3       |
|   i_3_fu_218_p2                    |     |        | i_3          | add   | fabric    | 0       |
|   icmp_ln24_fu_224_p2              |     |        | icmp_ln24    | seteq | auto      | 0       |
+------------------------------------+-----+--------+--------------+-------+-----------+---------+


================================================================
== Storage Report
================================================================
+-------------------+-----------+-----------+------+------+--------+----------+------+---------+------------------+
| Name              | Usage     | Type      | BRAM | URAM | Pragma | Variable | Impl | Latency | Bitwidth, Depth, |
|                   |           |           |      |      |        |          |      |         | Banks            |
+-------------------+-----------+-----------+------+------+--------+----------+------+---------+------------------+
| + rgb2gray        |           |           | 2    | 0    |        |          |      |         |                  |
|   control_s_axi_U | interface | s_axilite |      |      |        |          |      |         |                  |
|   gmem_m_axi_U    | interface | m_axi     | 2    |      |        |          |      |         |                  |
+-------------------+-----------+-----------+------+------+--------+----------+------+---------+------------------+


================================================================
== Pragma Report
================================================================
* Valid Pragma Syntax
+-----------+------------------------------------------+-------------------------------+
| Type      | Options                                  | Location                      |
+-----------+------------------------------------------+-------------------------------+
| INTERFACE | m_axi port=r offset=slave bundle=gmem    | in rgb2gray (rgb2gray.cpp:13) |
| INTERFACE | m_axi port=g offset=slave bundle=gmem    | in rgb2gray (rgb2gray.cpp:14) |
| INTERFACE | m_axi port=b offset=slave bundle=gmem    | in rgb2gray (rgb2gray.cpp:15) |
| INTERFACE | m_axi port=gray offset=slave bundle=gmem | in rgb2gray (rgb2gray.cpp:16) |
| INTERFACE | s_axilite port=r bundle=control          | in rgb2gray (rgb2gray.cpp:18) |
| INTERFACE | s_axilite port=g bundle=control          | in rgb2gray (rgb2gray.cpp:19) |
| INTERFACE | s_axilite port=b bundle=control          | in rgb2gray (rgb2gray.cpp:20) |
| INTERFACE | s_axilite port=gray bundle=control       | in rgb2gray (rgb2gray.cpp:21) |
| INTERFACE | s_axilite port=return bundle=control     | in rgb2gray (rgb2gray.cpp:22) |
| PIPELINE  | ii=1                                     | in rgb2gray (rgb2gray.cpp:25) |
+-----------+------------------------------------------+-------------------------------+


