C:\Users\LENOVO\HWSW\HLS\rgb2gray_hls\rgb2gray_hls\hls\.autopilot\db\rgb2gray.pp.0.cpp:2254:5: remark: Added loop label VITIS_LOOP_676_1:   [xilinx-label-all-loops]
    for (unsigned i = low; i != high+1; ++i) {
    ^
    VITIS_LOOP_676_1: 
C:\Users\LENOVO\HWSW\HLS\rgb2gray_hls\rgb2gray_hls\hls\.autopilot\db\rgb2gray.pp.0.cpp:2254:5: note: FIX-IT applied suggested code changes
C:\Users\LENOVO\HWSW\HLS\rgb2gray_hls\rgb2gray_hls\hls\.autopilot\db\rgb2gray.pp.0.cpp:2268:5: remark: Added loop label VITIS_LOOP_690_1:   [xilinx-label-all-loops]
    for (unsigned i = low; i != high+1; ++i) {
    ^
    VITIS_LOOP_690_1: 
C:\Users\LENOVO\HWSW\HLS\rgb2gray_hls\rgb2gray_hls\hls\.autopilot\db\rgb2gray.pp.0.cpp:2268:5: note: FIX-IT applied suggested code changes
C:\Users\LENOVO\HWSW\HLS\rgb2gray_hls\rgb2gray_hls\hls\.autopilot\db\rgb2gray.pp.0.cpp:2282:5: remark: Added loop label VITIS_LOOP_704_1:   [xilinx-label-all-loops]
    for (unsigned i = low; i != high+1; ++i) {
    ^
    VITIS_LOOP_704_1: 
C:\Users\LENOVO\HWSW\HLS\rgb2gray_hls\rgb2gray_hls\hls\.autopilot\db\rgb2gray.pp.0.cpp:2282:5: note: FIX-IT applied suggested code changes
C:\Users\LENOVO\HWSW\HLS\rgb2gray_hls\rgb2gray_hls\hls\.autopilot\db\rgb2gray.pp.0.cpp:5802:7: remark: Added loop label VITIS_LOOP_1251_1:   [xilinx-label-all-loops]
      for (i = 0; i < __N - 1; ++i) {
      ^
      VITIS_LOOP_1251_1: 
C:\Users\LENOVO\HWSW\HLS\rgb2gray_hls\rgb2gray_hls\hls\.autopilot\db\rgb2gray.pp.0.cpp:5802:7: note: FIX-IT applied suggested code changes
C:\Users\LENOVO\HWSW\HLS\rgb2gray_hls\rgb2gray_hls\hls\.autopilot\db\rgb2gray.pp.0.cpp:49490:5: remark: Added loop label VITIS_LOOP_24_1:   [xilinx-label-all-loops]
    for (int i = 0; i < (640 * 480); i++) {
    ^
    VITIS_LOOP_24_1: 
C:\Users\LENOVO\HWSW\HLS\rgb2gray_hls\rgb2gray_hls\hls\.autopilot\db\rgb2gray.pp.0.cpp:49490:5: note: FIX-IT applied suggested code changes
