

================================================================
== Vitis HLS Report for 'rgb2gray'
================================================================
* Date:           Mon Jun 29 17:00:11 2026

* Version:        2025.2 (Build 6295257 on Nov 14 2025)
* Project:        rgb2gray_hls
* Solution:       hls (Vivado IP Flow Target)
* Product family: zynq
* Target device:  xc7z014s-clg484-1


================================================================
== Performance Estimates
================================================================
+ Timing: 
    * Summary: 
    +--------+----------+----------+------------+
    |  Clock |  Target  | Estimated| Uncertainty|
    +--------+----------+----------+------------+
    |ap_clk  |  10.00 ns|  7.300 ns|     2.70 ns|
    +--------+----------+----------+------------+

+ Latency: 
    * Summary: 
    +---------+---------+----------+----------+--------+--------+------------------------------------------------+
    |  Latency (cycles) |  Latency (absolute) |     Interval    |                    Pipeline                    |
    |   min   |   max   |    min   |    max   |   min  |   max  |                      Type                      |
    +---------+---------+----------+----------+--------+--------+------------------------------------------------+
    |   921620|   921620|  9.216 ms|  9.216 ms|  921600|  921600|  loop auto-rewind stp (delay=0 clock cycles(s))|
    +---------+---------+----------+----------+--------+--------+------------------------------------------------+

    + Detail: 
        * Instance: 
        N/A

        * Loop: 
        +-------------------+---------+---------+----------+-----------+-----------+--------+----------+
        |                   |  Latency (cycles) | Iteration|  Initiation Interval  |  Trip  |          |
        |     Loop Name     |   min   |   max   |  Latency |  achieved |   target  |  Count | Pipelined|
        +-------------------+---------+---------+----------+-----------+-----------+--------+----------+
        |- VITIS_LOOP_24_1  |   921618|   921618|        22|          3|          1|  307200|       yes|
        +-------------------+---------+---------+----------+-----------+-----------+--------+----------+

============================================================
+ Verbose Summary: Synthesis Manager
============================================================
InlineROM: 1
ExposeGlobal: 0
============================================================
+ Verbose Summary: CDFG Model
============================================================
IsTopModel: 1
ResetActiveHigh: 1
IsCombinational: 0
IsDatapathOnly: 0
HasWiredReturn: 1
HasMFsm: 2
HasVarLatency: 1
IsPipeline: 0
IsRtlPipelined: 0
IsInstanceOverlapped: 0
IsDontTouch: 0
HasImplIP: 0
IsGatedGlobalClock: 0

+ Individual pipeline summary: 
  * Pipeline-0: initiation interval (II) = 3, depth = 22


============================================================
+ Verbose Summary: Schedule
============================================================
* Number of FSM states : 22
* Pipeline : 1
  Pipeline-0 : II = 3, D = 22, States = { 1 2 3 4 5 6 7 8 9 10 11 12 13 14 15 16 17 18 19 20 21 22 }
* Dataflow Pipeline: 0

* FSM state transitions: 
1 --> 2 
2 --> 3 
3 --> 4 
4 --> 5 
5 --> 6 
6 --> 7 
7 --> 8 
8 --> 9 
9 --> 10 
10 --> 11 
11 --> 12 
12 --> 13 
13 --> 14 
14 --> 15 
15 --> 16 
16 --> 17 
17 --> 18 
18 --> 19 
19 --> 20 
20 --> 21 
21 --> 22 
22 --> 

* FSM state operations: 

State 1 <SV = 0> <Delay = 5.34>
ST_1 : Operation 25 [1/1] (0.00ns)   --->   "%i = alloca i32 1" [rgb2gray.cpp:24]   --->   Operation 25 'alloca' 'i' <Predicate = true> <Delay = 0.00>
ST_1 : Operation 26 [1/1] (0.00ns)   --->   "%spectopmodule_ln7 = spectopmodule void @_ssdm_op_SpecTopModule, void @empty_11" [rgb2gray.cpp:7]   --->   Operation 26 'spectopmodule' 'spectopmodule_ln7' <Predicate = true> <Delay = 0.00>
ST_1 : Operation 27 [1/1] (0.00ns)   --->   "%specinterface_ln0 = specinterface void @_ssdm_op_SpecInterface, i8 %gmem, void @empty, i32 0, i32 0, void @empty_0, i32 0, i32 0, void @empty_1, void @empty_2, void @empty_0, i32 16, i32 16, i32 16, i32 16, void @empty_0, void @empty_0, i32 4294967295, i32 0, i32 0, i32 1"   --->   Operation 27 'specinterface' 'specinterface_ln0' <Predicate = true> <Delay = 0.00>
ST_1 : Operation 28 [1/1] (0.00ns)   --->   "%specbitsmap_ln0 = specbitsmap void @_ssdm_op_SpecBitsMap, i8 %gmem"   --->   Operation 28 'specbitsmap' 'specbitsmap_ln0' <Predicate = true> <Delay = 0.00>
ST_1 : Operation 29 [1/1] (0.00ns)   --->   "%specinterface_ln0 = specinterface void @_ssdm_op_SpecInterface, i64 %r, void @empty_3, i32 4294967295, i32 4294967295, void @empty_0, i32 0, i32 0, void @empty_4, void @empty_5, void @empty_0, i32 0, i32 0, i32 0, i32 0, void @empty_0, void @empty_6, i32 4294967295, i32 0, i32 0, i32 0"   --->   Operation 29 'specinterface' 'specinterface_ln0' <Predicate = true> <Delay = 0.00>
ST_1 : Operation 30 [1/1] (0.00ns)   --->   "%specinterface_ln0 = specinterface void @_ssdm_op_SpecInterface, i64 %r, void @empty_7, i32 0, i32 0, void @empty_0, i32 0, i32 0, void @empty_0, void @empty_0, void @empty_0, i32 0, i32 0, i32 0, i32 0, void @empty_0, void @empty_6, i32 4294967295, i32 0, i32 0, i32 0"   --->   Operation 30 'specinterface' 'specinterface_ln0' <Predicate = true> <Delay = 0.00>
ST_1 : Operation 31 [1/1] (0.00ns)   --->   "%specinterface_ln0 = specinterface void @_ssdm_op_SpecInterface, i64 %g, void @empty_3, i32 4294967295, i32 4294967295, void @empty_0, i32 0, i32 0, void @empty_4, void @empty_8, void @empty_0, i32 0, i32 0, i32 0, i32 0, void @empty_0, void @empty_6, i32 4294967295, i32 0, i32 0, i32 0"   --->   Operation 31 'specinterface' 'specinterface_ln0' <Predicate = true> <Delay = 0.00>
ST_1 : Operation 32 [1/1] (0.00ns)   --->   "%specinterface_ln0 = specinterface void @_ssdm_op_SpecInterface, i64 %g, void @empty_7, i32 0, i32 0, void @empty_0, i32 0, i32 0, void @empty_0, void @empty_0, void @empty_0, i32 0, i32 0, i32 0, i32 0, void @empty_0, void @empty_6, i32 4294967295, i32 0, i32 0, i32 0"   --->   Operation 32 'specinterface' 'specinterface_ln0' <Predicate = true> <Delay = 0.00>
ST_1 : Operation 33 [1/1] (0.00ns)   --->   "%specinterface_ln0 = specinterface void @_ssdm_op_SpecInterface, i64 %b, void @empty_3, i32 4294967295, i32 4294967295, void @empty_0, i32 0, i32 0, void @empty_4, void @empty_9, void @empty_0, i32 0, i32 0, i32 0, i32 0, void @empty_0, void @empty_6, i32 4294967295, i32 0, i32 0, i32 0"   --->   Operation 33 'specinterface' 'specinterface_ln0' <Predicate = true> <Delay = 0.00>
ST_1 : Operation 34 [1/1] (0.00ns)   --->   "%specinterface_ln0 = specinterface void @_ssdm_op_SpecInterface, i64 %b, void @empty_7, i32 0, i32 0, void @empty_0, i32 0, i32 0, void @empty_0, void @empty_0, void @empty_0, i32 0, i32 0, i32 0, i32 0, void @empty_0, void @empty_6, i32 4294967295, i32 0, i32 0, i32 0"   --->   Operation 34 'specinterface' 'specinterface_ln0' <Predicate = true> <Delay = 0.00>
ST_1 : Operation 35 [1/1] (0.00ns)   --->   "%specinterface_ln0 = specinterface void @_ssdm_op_SpecInterface, i64 %gray, void @empty_3, i32 4294967295, i32 4294967295, void @empty_0, i32 0, i32 0, void @empty_4, void @empty_10, void @empty_0, i32 0, i32 0, i32 0, i32 0, void @empty_0, void @empty_6, i32 4294967295, i32 0, i32 0, i32 0"   --->   Operation 35 'specinterface' 'specinterface_ln0' <Predicate = true> <Delay = 0.00>
ST_1 : Operation 36 [1/1] (0.00ns)   --->   "%specinterface_ln0 = specinterface void @_ssdm_op_SpecInterface, i64 %gray, void @empty_7, i32 0, i32 0, void @empty_0, i32 0, i32 0, void @empty_0, void @empty_0, void @empty_0, i32 0, i32 0, i32 0, i32 0, void @empty_0, void @empty_6, i32 4294967295, i32 0, i32 0, i32 0"   --->   Operation 36 'specinterface' 'specinterface_ln0' <Predicate = true> <Delay = 0.00>
ST_1 : Operation 37 [1/1] (0.00ns)   --->   "%specinterface_ln0 = specinterface void @_ssdm_op_SpecInterface, i32 0, void @empty_3, i32 0, i32 0, void @empty_0, i32 0, i32 0, void @empty_4, void @empty_0, void @empty_0, i32 0, i32 0, i32 0, i32 0, void @empty_0, void @empty_0, i32 0, i32 0, i32 0, i32 0"   --->   Operation 37 'specinterface' 'specinterface_ln0' <Predicate = true> <Delay = 0.00>
ST_1 : Operation 38 [1/1] (1.00ns)   --->   "%gray_read = read i64 @_ssdm_op_Read.s_axilite.i64, i64 %gray" [rgb2gray.cpp:8]   --->   Operation 38 'read' 'gray_read' <Predicate = true> <Delay = 1.00> <CoreInst = "s_axilite">   --->   Core 112 's_axilite' <Latency = 0> <II = 1> <Delay = 1.00> <Adapter> <Opcode : 'read' 'write'>
ST_1 : Operation 39 [1/1] (1.00ns)   --->   "%b_read = read i64 @_ssdm_op_Read.s_axilite.i64, i64 %b" [rgb2gray.cpp:8]   --->   Operation 39 'read' 'b_read' <Predicate = true> <Delay = 1.00> <CoreInst = "s_axilite">   --->   Core 112 's_axilite' <Latency = 0> <II = 1> <Delay = 1.00> <Adapter> <Opcode : 'read' 'write'>
ST_1 : Operation 40 [1/1] (1.00ns)   --->   "%g_read = read i64 @_ssdm_op_Read.s_axilite.i64, i64 %g" [rgb2gray.cpp:8]   --->   Operation 40 'read' 'g_read' <Predicate = true> <Delay = 1.00> <CoreInst = "s_axilite">   --->   Core 112 's_axilite' <Latency = 0> <II = 1> <Delay = 1.00> <Adapter> <Opcode : 'read' 'write'>
ST_1 : Operation 41 [1/1] (1.00ns)   --->   "%r_read = read i64 @_ssdm_op_Read.s_axilite.i64, i64 %r" [rgb2gray.cpp:8]   --->   Operation 41 'read' 'r_read' <Predicate = true> <Delay = 1.00> <CoreInst = "s_axilite">   --->   Core 112 's_axilite' <Latency = 0> <II = 1> <Delay = 1.00> <Adapter> <Opcode : 'read' 'write'>
ST_1 : Operation 42 [1/1] (1.58ns)   --->   "%store_ln24 = store i19 0, i19 %i" [rgb2gray.cpp:24]   --->   Operation 42 'store' 'store_ln24' <Predicate = true> <Delay = 1.58>
ST_1 : Operation 43 [1/1] (0.00ns)   --->   "%br_ln24 = br void %new.header" [rgb2gray.cpp:24]   --->   Operation 43 'br' 'br_ln24' <Predicate = true> <Delay = 0.00>
ST_1 : Operation 44 [1/1] (0.00ns)   --->   "%i_2 = load i19 %i" [rgb2gray.cpp:24]   --->   Operation 44 'load' 'i_2' <Predicate = true> <Delay = 0.00>
ST_1 : Operation 45 [1/1] (2.16ns)   --->   "%first_iter_0 = icmp_eq  i19 %i_2, i19 0" [rgb2gray.cpp:24]   --->   Operation 45 'icmp' 'first_iter_0' <Predicate = true> <Delay = 2.16> <CoreInst = "Cmp">   --->   Core 9 'Cmp' <Latency = 0> <II = 1> <Delay = 2.16> <FuncUnit> <Opcode : 'seteq' 'setne' 'setle' 'setge' 'setlt' 'setgt'> <InPorts = 2> <OutPorts = 1>
ST_1 : Operation 46 [1/1] (0.00ns)   --->   "%gmem_addr = getelementptr i8 %gmem, i64 %gray_read" [rgb2gray.cpp:24]   --->   Operation 46 'getelementptr' 'gmem_addr' <Predicate = true> <Delay = 0.00>
ST_1 : Operation 47 [1/1] (0.00ns)   --->   "%br_ln24 = br i1 %first_iter_0, void %for.inc.split, void %for.first.iter.for.inc.split" [rgb2gray.cpp:24]   --->   Operation 47 'br' 'br_ln24' <Predicate = true> <Delay = 0.00>
ST_1 : Operation 48 [1/1] (0.00ns)   --->   "%zext_ln24 = zext i19 %i_2" [rgb2gray.cpp:24]   --->   Operation 48 'zext' 'zext_ln24' <Predicate = true> <Delay = 0.00>
ST_1 : Operation 49 [1/1] (3.52ns)   --->   "%add_ln26 = add i64 %zext_ln24, i64 %r_read" [rgb2gray.cpp:26]   --->   Operation 49 'add' 'add_ln26' <Predicate = true> <Delay = 3.52> <CoreInst = "Adder">   --->   Core 1 'Adder' <Latency = 0> <II = 1> <Delay = 3.52> <FuncUnit> <Opcode : 'add' 'sub'> <InPorts = 2> <OutPorts = 1>
ST_1 : Operation 50 [1/1] (0.00ns)   --->   "%gmem_addr_1 = getelementptr i8 %gmem, i64 %add_ln26" [rgb2gray.cpp:26]   --->   Operation 50 'getelementptr' 'gmem_addr_1' <Predicate = true> <Delay = 0.00>
ST_1 : Operation 51 [1/1] (3.52ns)   --->   "%add_ln26_1 = add i64 %zext_ln24, i64 %g_read" [rgb2gray.cpp:26]   --->   Operation 51 'add' 'add_ln26_1' <Predicate = true> <Delay = 3.52> <CoreInst = "Adder">   --->   Core 1 'Adder' <Latency = 0> <II = 1> <Delay = 3.52> <FuncUnit> <Opcode : 'add' 'sub'> <InPorts = 2> <OutPorts = 1>
ST_1 : Operation 52 [1/1] (0.00ns)   --->   "%gmem_addr_2 = getelementptr i8 %gmem, i64 %add_ln26_1" [rgb2gray.cpp:26]   --->   Operation 52 'getelementptr' 'gmem_addr_2' <Predicate = true> <Delay = 0.00>
ST_1 : Operation 53 [1/1] (3.52ns)   --->   "%add_ln26_3 = add i64 %zext_ln24, i64 %b_read" [rgb2gray.cpp:26]   --->   Operation 53 'add' 'add_ln26_3' <Predicate = true> <Delay = 3.52> <CoreInst = "Adder">   --->   Core 1 'Adder' <Latency = 0> <II = 1> <Delay = 3.52> <FuncUnit> <Opcode : 'add' 'sub'> <InPorts = 2> <OutPorts = 1>
ST_1 : Operation 54 [1/1] (0.00ns)   --->   "%gmem_addr_3 = getelementptr i8 %gmem, i64 %add_ln26_3" [rgb2gray.cpp:26]   --->   Operation 54 'getelementptr' 'gmem_addr_3' <Predicate = true> <Delay = 0.00>
ST_1 : Operation 55 [1/1] (2.16ns)   --->   "%i_3 = add i19 %i_2, i19 1" [rgb2gray.cpp:24]   --->   Operation 55 'add' 'i_3' <Predicate = true> <Delay = 2.16> <CoreInst = "Adder">   --->   Core 1 'Adder' <Latency = 0> <II = 1> <Delay = 2.16> <FuncUnit> <Opcode : 'add' 'sub'> <InPorts = 2> <OutPorts = 1>
ST_1 : Operation 56 [1/1] (2.16ns)   --->   "%icmp_ln24 = icmp_eq  i19 %i_2, i19 307199" [rgb2gray.cpp:24]   --->   Operation 56 'icmp' 'icmp_ln24' <Predicate = true> <Delay = 2.16> <CoreInst = "Cmp">   --->   Core 9 'Cmp' <Latency = 0> <II = 1> <Delay = 2.16> <FuncUnit> <Opcode : 'seteq' 'setne' 'setle' 'setge' 'setlt' 'setgt'> <InPorts = 2> <OutPorts = 1>
ST_1 : Operation 57 [1/1] (0.00ns)   --->   "%br_ln24 = br i1 %icmp_ln24, void %new.latch.for.inc.split.split, void %last.iter.for.inc.split.split" [rgb2gray.cpp:24]   --->   Operation 57 'br' 'br_ln24' <Predicate = true> <Delay = 0.00>
ST_1 : Operation 58 [1/1] (1.58ns)   --->   "%store_ln24 = store i19 %i_3, i19 %i" [rgb2gray.cpp:24]   --->   Operation 58 'store' 'store_ln24' <Predicate = true> <Delay = 1.58>
ST_1 : Operation 59 [1/1] (0.00ns)   --->   "%br_ln24 = br i1 %icmp_ln24, void %new.header, void %for.end" [rgb2gray.cpp:24]   --->   Operation 59 'br' 'br_ln24' <Predicate = true> <Delay = 0.00>

State 2 <SV = 1> <Delay = 7.30>
ST_2 : Operation 60 [1/1] ( I:7.30ns O:7.30ns )   --->   "%empty = writereq i1 @_ssdm_op_WriteReq.m_axi.p1i8, i8 %gmem_addr, i64 307200" [rgb2gray.cpp:24]   --->   Operation 60 'writereq' 'empty' <Predicate = (first_iter_0)> <Delay = 7.30> <CoreInst = "m_axi">   --->   Core 111 'm_axi' <Latency = 9> <II = 1> <Delay = 1.00> <Adapter> <Opcode : 'readrequnaligned' 'writerequnaligned' 'read' 'write' 'readreq' 'writereq' 'writeresp'>
ST_2 : Operation 61 [1/1] (0.00ns)   --->   "%br_ln0 = br void %for.inc.split"   --->   Operation 61 'br' 'br_ln0' <Predicate = (first_iter_0)> <Delay = 0.00>
ST_2 : Operation 62 [8/8] (7.30ns)   --->   "%gmem_load_req = readreq i1 @_ssdm_op_ReadReq.m_axi.i8P1A, i8 %gmem_addr_1, i64 1" [rgb2gray.cpp:26]   --->   Operation 62 'readreq' 'gmem_load_req' <Predicate = true> <Delay = 7.30> <CoreInst = "m_axi">   --->   Core 111 'm_axi' <Latency = 6> <II = 1> <Delay = 1.00> <Adapter> <Opcode : 'readrequnaligned' 'writerequnaligned' 'read' 'write' 'readreq' 'writereq' 'writeresp'>

State 3 <SV = 2> <Delay = 0.00>
ST_3 : Operation 63 [7/8] (7.30ns)   --->   "%gmem_load_req = readreq i1 @_ssdm_op_ReadReq.m_axi.i8P1A, i8 %gmem_addr_1, i64 1" [rgb2gray.cpp:26]   --->   Operation 63 'readreq' 'gmem_load_req' <Predicate = true> <Delay = 7.30> <CoreInst = "m_axi">   --->   Core 111 'm_axi' <Latency = 6> <II = 1> <Delay = 1.00> <Adapter> <Opcode : 'readrequnaligned' 'writerequnaligned' 'read' 'write' 'readreq' 'writereq' 'writeresp'>
ST_3 : Operation 64 [8/8] (7.30ns)   --->   "%gmem_load_1_req = readreq i1 @_ssdm_op_ReadReq.m_axi.i8P1A, i8 %gmem_addr_2, i64 1" [rgb2gray.cpp:26]   --->   Operation 64 'readreq' 'gmem_load_1_req' <Predicate = true> <Delay = 7.30> <CoreInst = "m_axi">   --->   Core 111 'm_axi' <Latency = 6> <II = 1> <Delay = 1.00> <Adapter> <Opcode : 'readrequnaligned' 'writerequnaligned' 'read' 'write' 'readreq' 'writereq' 'writeresp'>

State 4 <SV = 3> <Delay = 0.00>
ST_4 : Operation 65 [6/8] (7.30ns)   --->   "%gmem_load_req = readreq i1 @_ssdm_op_ReadReq.m_axi.i8P1A, i8 %gmem_addr_1, i64 1" [rgb2gray.cpp:26]   --->   Operation 65 'readreq' 'gmem_load_req' <Predicate = true> <Delay = 7.30> <CoreInst = "m_axi">   --->   Core 111 'm_axi' <Latency = 6> <II = 1> <Delay = 1.00> <Adapter> <Opcode : 'readrequnaligned' 'writerequnaligned' 'read' 'write' 'readreq' 'writereq' 'writeresp'>
ST_4 : Operation 66 [7/8] (7.30ns)   --->   "%gmem_load_1_req = readreq i1 @_ssdm_op_ReadReq.m_axi.i8P1A, i8 %gmem_addr_2, i64 1" [rgb2gray.cpp:26]   --->   Operation 66 'readreq' 'gmem_load_1_req' <Predicate = true> <Delay = 7.30> <CoreInst = "m_axi">   --->   Core 111 'm_axi' <Latency = 6> <II = 1> <Delay = 1.00> <Adapter> <Opcode : 'readrequnaligned' 'writerequnaligned' 'read' 'write' 'readreq' 'writereq' 'writeresp'>
ST_4 : Operation 67 [8/8] (7.30ns)   --->   "%gmem_load_2_req = readreq i1 @_ssdm_op_ReadReq.m_axi.i8P1A, i8 %gmem_addr_3, i64 1" [rgb2gray.cpp:26]   --->   Operation 67 'readreq' 'gmem_load_2_req' <Predicate = true> <Delay = 7.30> <CoreInst = "m_axi">   --->   Core 111 'm_axi' <Latency = 6> <II = 1> <Delay = 1.00> <Adapter> <Opcode : 'readrequnaligned' 'writerequnaligned' 'read' 'write' 'readreq' 'writereq' 'writeresp'>

State 5 <SV = 4> <Delay = 0.00>
ST_5 : Operation 68 [5/8] (7.30ns)   --->   "%gmem_load_req = readreq i1 @_ssdm_op_ReadReq.m_axi.i8P1A, i8 %gmem_addr_1, i64 1" [rgb2gray.cpp:26]   --->   Operation 68 'readreq' 'gmem_load_req' <Predicate = true> <Delay = 7.30> <CoreInst = "m_axi">   --->   Core 111 'm_axi' <Latency = 6> <II = 1> <Delay = 1.00> <Adapter> <Opcode : 'readrequnaligned' 'writerequnaligned' 'read' 'write' 'readreq' 'writereq' 'writeresp'>
ST_5 : Operation 69 [6/8] (7.30ns)   --->   "%gmem_load_1_req = readreq i1 @_ssdm_op_ReadReq.m_axi.i8P1A, i8 %gmem_addr_2, i64 1" [rgb2gray.cpp:26]   --->   Operation 69 'readreq' 'gmem_load_1_req' <Predicate = true> <Delay = 7.30> <CoreInst = "m_axi">   --->   Core 111 'm_axi' <Latency = 6> <II = 1> <Delay = 1.00> <Adapter> <Opcode : 'readrequnaligned' 'writerequnaligned' 'read' 'write' 'readreq' 'writereq' 'writeresp'>
ST_5 : Operation 70 [7/8] (7.30ns)   --->   "%gmem_load_2_req = readreq i1 @_ssdm_op_ReadReq.m_axi.i8P1A, i8 %gmem_addr_3, i64 1" [rgb2gray.cpp:26]   --->   Operation 70 'readreq' 'gmem_load_2_req' <Predicate = true> <Delay = 7.30> <CoreInst = "m_axi">   --->   Core 111 'm_axi' <Latency = 6> <II = 1> <Delay = 1.00> <Adapter> <Opcode : 'readrequnaligned' 'writerequnaligned' 'read' 'write' 'readreq' 'writereq' 'writeresp'>

State 6 <SV = 5> <Delay = 0.00>
ST_6 : Operation 71 [4/8] (7.30ns)   --->   "%gmem_load_req = readreq i1 @_ssdm_op_ReadReq.m_axi.i8P1A, i8 %gmem_addr_1, i64 1" [rgb2gray.cpp:26]   --->   Operation 71 'readreq' 'gmem_load_req' <Predicate = true> <Delay = 7.30> <CoreInst = "m_axi">   --->   Core 111 'm_axi' <Latency = 6> <II = 1> <Delay = 1.00> <Adapter> <Opcode : 'readrequnaligned' 'writerequnaligned' 'read' 'write' 'readreq' 'writereq' 'writeresp'>
ST_6 : Operation 72 [5/8] (7.30ns)   --->   "%gmem_load_1_req = readreq i1 @_ssdm_op_ReadReq.m_axi.i8P1A, i8 %gmem_addr_2, i64 1" [rgb2gray.cpp:26]   --->   Operation 72 'readreq' 'gmem_load_1_req' <Predicate = true> <Delay = 7.30> <CoreInst = "m_axi">   --->   Core 111 'm_axi' <Latency = 6> <II = 1> <Delay = 1.00> <Adapter> <Opcode : 'readrequnaligned' 'writerequnaligned' 'read' 'write' 'readreq' 'writereq' 'writeresp'>
ST_6 : Operation 73 [6/8] (7.30ns)   --->   "%gmem_load_2_req = readreq i1 @_ssdm_op_ReadReq.m_axi.i8P1A, i8 %gmem_addr_3, i64 1" [rgb2gray.cpp:26]   --->   Operation 73 'readreq' 'gmem_load_2_req' <Predicate = true> <Delay = 7.30> <CoreInst = "m_axi">   --->   Core 111 'm_axi' <Latency = 6> <II = 1> <Delay = 1.00> <Adapter> <Opcode : 'readrequnaligned' 'writerequnaligned' 'read' 'write' 'readreq' 'writereq' 'writeresp'>

State 7 <SV = 6> <Delay = 0.00>
ST_7 : Operation 74 [3/8] (7.30ns)   --->   "%gmem_load_req = readreq i1 @_ssdm_op_ReadReq.m_axi.i8P1A, i8 %gmem_addr_1, i64 1" [rgb2gray.cpp:26]   --->   Operation 74 'readreq' 'gmem_load_req' <Predicate = true> <Delay = 7.30> <CoreInst = "m_axi">   --->   Core 111 'm_axi' <Latency = 6> <II = 1> <Delay = 1.00> <Adapter> <Opcode : 'readrequnaligned' 'writerequnaligned' 'read' 'write' 'readreq' 'writereq' 'writeresp'>
ST_7 : Operation 75 [4/8] (7.30ns)   --->   "%gmem_load_1_req = readreq i1 @_ssdm_op_ReadReq.m_axi.i8P1A, i8 %gmem_addr_2, i64 1" [rgb2gray.cpp:26]   --->   Operation 75 'readreq' 'gmem_load_1_req' <Predicate = true> <Delay = 7.30> <CoreInst = "m_axi">   --->   Core 111 'm_axi' <Latency = 6> <II = 1> <Delay = 1.00> <Adapter> <Opcode : 'readrequnaligned' 'writerequnaligned' 'read' 'write' 'readreq' 'writereq' 'writeresp'>
ST_7 : Operation 76 [5/8] (7.30ns)   --->   "%gmem_load_2_req = readreq i1 @_ssdm_op_ReadReq.m_axi.i8P1A, i8 %gmem_addr_3, i64 1" [rgb2gray.cpp:26]   --->   Operation 76 'readreq' 'gmem_load_2_req' <Predicate = true> <Delay = 7.30> <CoreInst = "m_axi">   --->   Core 111 'm_axi' <Latency = 6> <II = 1> <Delay = 1.00> <Adapter> <Opcode : 'readrequnaligned' 'writerequnaligned' 'read' 'write' 'readreq' 'writereq' 'writeresp'>

State 8 <SV = 7> <Delay = 0.00>
ST_8 : Operation 77 [2/8] (7.30ns)   --->   "%gmem_load_req = readreq i1 @_ssdm_op_ReadReq.m_axi.i8P1A, i8 %gmem_addr_1, i64 1" [rgb2gray.cpp:26]   --->   Operation 77 'readreq' 'gmem_load_req' <Predicate = true> <Delay = 7.30> <CoreInst = "m_axi">   --->   Core 111 'm_axi' <Latency = 6> <II = 1> <Delay = 1.00> <Adapter> <Opcode : 'readrequnaligned' 'writerequnaligned' 'read' 'write' 'readreq' 'writereq' 'writeresp'>
ST_8 : Operation 78 [3/8] (7.30ns)   --->   "%gmem_load_1_req = readreq i1 @_ssdm_op_ReadReq.m_axi.i8P1A, i8 %gmem_addr_2, i64 1" [rgb2gray.cpp:26]   --->   Operation 78 'readreq' 'gmem_load_1_req' <Predicate = true> <Delay = 7.30> <CoreInst = "m_axi">   --->   Core 111 'm_axi' <Latency = 6> <II = 1> <Delay = 1.00> <Adapter> <Opcode : 'readrequnaligned' 'writerequnaligned' 'read' 'write' 'readreq' 'writereq' 'writeresp'>
ST_8 : Operation 79 [4/8] (7.30ns)   --->   "%gmem_load_2_req = readreq i1 @_ssdm_op_ReadReq.m_axi.i8P1A, i8 %gmem_addr_3, i64 1" [rgb2gray.cpp:26]   --->   Operation 79 'readreq' 'gmem_load_2_req' <Predicate = true> <Delay = 7.30> <CoreInst = "m_axi">   --->   Core 111 'm_axi' <Latency = 6> <II = 1> <Delay = 1.00> <Adapter> <Opcode : 'readrequnaligned' 'writerequnaligned' 'read' 'write' 'readreq' 'writereq' 'writeresp'>

State 9 <SV = 8> <Delay = 7.30>
ST_9 : Operation 80 [1/8] ( I:7.30ns O:7.30ns )   --->   "%gmem_load_req = readreq i1 @_ssdm_op_ReadReq.m_axi.i8P1A, i8 %gmem_addr_1, i64 1" [rgb2gray.cpp:26]   --->   Operation 80 'readreq' 'gmem_load_req' <Predicate = true> <Delay = 7.30> <CoreInst = "m_axi">   --->   Core 111 'm_axi' <Latency = 6> <II = 1> <Delay = 1.00> <Adapter> <Opcode : 'readrequnaligned' 'writerequnaligned' 'read' 'write' 'readreq' 'writereq' 'writeresp'>
ST_9 : Operation 81 [2/8] (7.30ns)   --->   "%gmem_load_1_req = readreq i1 @_ssdm_op_ReadReq.m_axi.i8P1A, i8 %gmem_addr_2, i64 1" [rgb2gray.cpp:26]   --->   Operation 81 'readreq' 'gmem_load_1_req' <Predicate = true> <Delay = 7.30> <CoreInst = "m_axi">   --->   Core 111 'm_axi' <Latency = 6> <II = 1> <Delay = 1.00> <Adapter> <Opcode : 'readrequnaligned' 'writerequnaligned' 'read' 'write' 'readreq' 'writereq' 'writeresp'>
ST_9 : Operation 82 [3/8] (7.30ns)   --->   "%gmem_load_2_req = readreq i1 @_ssdm_op_ReadReq.m_axi.i8P1A, i8 %gmem_addr_3, i64 1" [rgb2gray.cpp:26]   --->   Operation 82 'readreq' 'gmem_load_2_req' <Predicate = true> <Delay = 7.30> <CoreInst = "m_axi">   --->   Core 111 'm_axi' <Latency = 6> <II = 1> <Delay = 1.00> <Adapter> <Opcode : 'readrequnaligned' 'writerequnaligned' 'read' 'write' 'readreq' 'writereq' 'writeresp'>

State 10 <SV = 9> <Delay = 7.30>
ST_10 : Operation 83 [1/1] ( I:7.30ns O:7.30ns )   --->   "%gmem_addr_1_read = read i8 @_ssdm_op_Read.m_axi.i8P1A, i8 %gmem_addr_1" [rgb2gray.cpp:26]   --->   Operation 83 'read' 'gmem_addr_1_read' <Predicate = true> <Delay = 7.30> <CoreInst = "m_axi">   --->   Core 111 'm_axi' <Latency = 3> <II = 1> <Delay = 1.00> <Adapter> <Opcode : 'readrequnaligned' 'writerequnaligned' 'read' 'write' 'readreq' 'writereq' 'writeresp'>
ST_10 : Operation 84 [1/8] ( I:7.30ns O:7.30ns )   --->   "%gmem_load_1_req = readreq i1 @_ssdm_op_ReadReq.m_axi.i8P1A, i8 %gmem_addr_2, i64 1" [rgb2gray.cpp:26]   --->   Operation 84 'readreq' 'gmem_load_1_req' <Predicate = true> <Delay = 7.30> <CoreInst = "m_axi">   --->   Core 111 'm_axi' <Latency = 6> <II = 1> <Delay = 1.00> <Adapter> <Opcode : 'readrequnaligned' 'writerequnaligned' 'read' 'write' 'readreq' 'writereq' 'writeresp'>
ST_10 : Operation 85 [2/8] (7.30ns)   --->   "%gmem_load_2_req = readreq i1 @_ssdm_op_ReadReq.m_axi.i8P1A, i8 %gmem_addr_3, i64 1" [rgb2gray.cpp:26]   --->   Operation 85 'readreq' 'gmem_load_2_req' <Predicate = true> <Delay = 7.30> <CoreInst = "m_axi">   --->   Core 111 'm_axi' <Latency = 6> <II = 1> <Delay = 1.00> <Adapter> <Opcode : 'readrequnaligned' 'writerequnaligned' 'read' 'write' 'readreq' 'writereq' 'writeresp'>

State 11 <SV = 10> <Delay = 7.30>
ST_11 : Operation 86 [1/1] (0.00ns)   --->   "%zext_ln26 = zext i8 %gmem_addr_1_read" [rgb2gray.cpp:26]   --->   Operation 86 'zext' 'zext_ln26' <Predicate = true> <Delay = 0.00>
ST_11 : Operation 87 [3/3] (1.05ns) (grouped into DSP with root node add_ln26_2)   --->   "%mul_ln26 = mul i15 %zext_ln26, i15 77" [rgb2gray.cpp:26]   --->   Operation 87 'mul' 'mul_ln26' <Predicate = true> <Delay = 1.05> <CoreInst = "DSP48">   --->   Core 116 'DSP48' <Latency = 3> <II = 1> <Delay = 2.15> <IPBlock> <Opcode : 'add' 'sub' 'mul' 'select'> <InPorts = 0> <OutPorts = 1> <Sync> <CReg>
ST_11 : Operation 88 [1/1] ( I:7.30ns O:7.30ns )   --->   "%gmem_addr_2_read = read i8 @_ssdm_op_Read.m_axi.i8P1A, i8 %gmem_addr_2" [rgb2gray.cpp:26]   --->   Operation 88 'read' 'gmem_addr_2_read' <Predicate = true> <Delay = 7.30> <CoreInst = "m_axi">   --->   Core 111 'm_axi' <Latency = 3> <II = 1> <Delay = 1.00> <Adapter> <Opcode : 'readrequnaligned' 'writerequnaligned' 'read' 'write' 'readreq' 'writereq' 'writeresp'>
ST_11 : Operation 89 [1/8] ( I:7.30ns O:7.30ns )   --->   "%gmem_load_2_req = readreq i1 @_ssdm_op_ReadReq.m_axi.i8P1A, i8 %gmem_addr_3, i64 1" [rgb2gray.cpp:26]   --->   Operation 89 'readreq' 'gmem_load_2_req' <Predicate = true> <Delay = 7.30> <CoreInst = "m_axi">   --->   Core 111 'm_axi' <Latency = 6> <II = 1> <Delay = 1.00> <Adapter> <Opcode : 'readrequnaligned' 'writerequnaligned' 'read' 'write' 'readreq' 'writereq' 'writeresp'>

State 12 <SV = 11> <Delay = 7.30>
ST_12 : Operation 90 [2/3] (1.05ns) (grouped into DSP with root node add_ln26_2)   --->   "%mul_ln26 = mul i15 %zext_ln26, i15 77" [rgb2gray.cpp:26]   --->   Operation 90 'mul' 'mul_ln26' <Predicate = true> <Delay = 1.05> <CoreInst = "DSP48">   --->   Core 116 'DSP48' <Latency = 3> <II = 1> <Delay = 2.15> <IPBlock> <Opcode : 'add' 'sub' 'mul' 'select'> <InPorts = 0> <OutPorts = 1> <Sync> <CReg>
ST_12 : Operation 91 [1/1] ( I:7.30ns O:7.30ns )   --->   "%gmem_addr_3_read = read i8 @_ssdm_op_Read.m_axi.i8P1A, i8 %gmem_addr_3" [rgb2gray.cpp:26]   --->   Operation 91 'read' 'gmem_addr_3_read' <Predicate = true> <Delay = 7.30> <CoreInst = "m_axi">   --->   Core 111 'm_axi' <Latency = 3> <II = 1> <Delay = 1.00> <Adapter> <Opcode : 'readrequnaligned' 'writerequnaligned' 'read' 'write' 'readreq' 'writereq' 'writeresp'>

State 13 <SV = 12> <Delay = 6.45>
ST_13 : Operation 92 [1/3] (0.00ns) (grouped into DSP with root node add_ln26_2)   --->   "%mul_ln26 = mul i15 %zext_ln26, i15 77" [rgb2gray.cpp:26]   --->   Operation 92 'mul' 'mul_ln26' <Predicate = true> <Delay = 0.00> <CoreInst = "DSP48">   --->   Core 116 'DSP48' <Latency = 3> <II = 1> <Delay = 2.15> <IPBlock> <Opcode : 'add' 'sub' 'mul' 'select'> <InPorts = 0> <OutPorts = 1> <Sync> <CReg>
ST_13 : Operation 93 [1/1] (0.00ns)   --->   "%zext_ln26_1 = zext i8 %gmem_addr_2_read" [rgb2gray.cpp:26]   --->   Operation 93 'zext' 'zext_ln26_1' <Predicate = true> <Delay = 0.00>
ST_13 : Operation 94 [1/1] (4.35ns)   --->   "%mul_ln26_1 = mul i16 %zext_ln26_1, i16 150" [rgb2gray.cpp:26]   --->   Operation 94 'mul' 'mul_ln26_1' <Predicate = true> <Delay = 4.35> <CoreInst = "Multiplier">   --->   Core 3 'Multiplier' <Latency = 0> <II = 1> <Delay = 4.35> <FuncUnit> <Opcode : 'mul'> <InPorts = 2> <OutPorts = 1>
ST_13 : Operation 95 [1/1] (0.00ns) (grouped into DSP with root node add_ln26_2)   --->   "%zext_ln26_2 = zext i15 %mul_ln26" [rgb2gray.cpp:26]   --->   Operation 95 'zext' 'zext_ln26_2' <Predicate = true> <Delay = 0.00>
ST_13 : Operation 96 [2/2] (2.10ns) (root node of the DSP)   --->   "%add_ln26_2 = add i16 %mul_ln26_1, i16 %zext_ln26_2" [rgb2gray.cpp:26]   --->   Operation 96 'add' 'add_ln26_2' <Predicate = true> <Delay = 2.10> <CoreInst = "DSP48">   --->   Core 116 'DSP48' <Latency = 3> <II = 1> <Delay = 2.15> <IPBlock> <Opcode : 'add' 'sub' 'mul' 'select'> <InPorts = 0> <OutPorts = 1> <Sync> <CReg>
ST_13 : Operation 97 [1/1] (0.00ns)   --->   "%zext_ln26_3 = zext i8 %gmem_addr_3_read" [rgb2gray.cpp:26]   --->   Operation 97 'zext' 'zext_ln26_3' <Predicate = true> <Delay = 0.00>
ST_13 : Operation 98 [3/3] (1.05ns) (grouped into DSP with root node add_ln26_4)   --->   "%mul_ln26_2 = mul i13 %zext_ln26_3, i13 29" [rgb2gray.cpp:26]   --->   Operation 98 'mul' 'mul_ln26_2' <Predicate = true> <Delay = 1.05> <CoreInst = "DSP48">   --->   Core 116 'DSP48' <Latency = 3> <II = 1> <Delay = 2.15> <IPBlock> <Opcode : 'add' 'sub' 'mul' 'select'> <InPorts = 0> <OutPorts = 1> <Sync> <CReg>

State 14 <SV = 13> <Delay = 2.10>
ST_14 : Operation 99 [1/2] (2.10ns) (root node of the DSP)   --->   "%add_ln26_2 = add i16 %mul_ln26_1, i16 %zext_ln26_2" [rgb2gray.cpp:26]   --->   Operation 99 'add' 'add_ln26_2' <Predicate = true> <Delay = 2.10> <CoreInst = "DSP48">   --->   Core 116 'DSP48' <Latency = 3> <II = 1> <Delay = 2.15> <IPBlock> <Opcode : 'add' 'sub' 'mul' 'select'> <InPorts = 0> <OutPorts = 1> <Sync> <CReg>
ST_14 : Operation 100 [2/3] (1.05ns) (grouped into DSP with root node add_ln26_4)   --->   "%mul_ln26_2 = mul i13 %zext_ln26_3, i13 29" [rgb2gray.cpp:26]   --->   Operation 100 'mul' 'mul_ln26_2' <Predicate = true> <Delay = 1.05> <CoreInst = "DSP48">   --->   Core 116 'DSP48' <Latency = 3> <II = 1> <Delay = 2.15> <IPBlock> <Opcode : 'add' 'sub' 'mul' 'select'> <InPorts = 0> <OutPorts = 1> <Sync> <CReg>

State 15 <SV = 14> <Delay = 2.10>
ST_15 : Operation 101 [1/3] (0.00ns) (grouped into DSP with root node add_ln26_4)   --->   "%mul_ln26_2 = mul i13 %zext_ln26_3, i13 29" [rgb2gray.cpp:26]   --->   Operation 101 'mul' 'mul_ln26_2' <Predicate = true> <Delay = 0.00> <CoreInst = "DSP48">   --->   Core 116 'DSP48' <Latency = 3> <II = 1> <Delay = 2.15> <IPBlock> <Opcode : 'add' 'sub' 'mul' 'select'> <InPorts = 0> <OutPorts = 1> <Sync> <CReg>
ST_15 : Operation 102 [1/1] (0.00ns) (grouped into DSP with root node add_ln26_4)   --->   "%zext_ln26_4 = zext i13 %mul_ln26_2" [rgb2gray.cpp:26]   --->   Operation 102 'zext' 'zext_ln26_4' <Predicate = true> <Delay = 0.00>
ST_15 : Operation 103 [2/2] (2.10ns) (root node of the DSP)   --->   "%add_ln26_4 = add i16 %add_ln26_2, i16 %zext_ln26_4" [rgb2gray.cpp:26]   --->   Operation 103 'add' 'add_ln26_4' <Predicate = true> <Delay = 2.10> <CoreInst = "DSP48">   --->   Core 116 'DSP48' <Latency = 3> <II = 1> <Delay = 2.15> <IPBlock> <Opcode : 'add' 'sub' 'mul' 'select'> <InPorts = 0> <OutPorts = 1> <Sync> <CReg>

State 16 <SV = 15> <Delay = 2.10>
ST_16 : Operation 104 [1/2] (2.10ns) (root node of the DSP)   --->   "%add_ln26_4 = add i16 %add_ln26_2, i16 %zext_ln26_4" [rgb2gray.cpp:26]   --->   Operation 104 'add' 'add_ln26_4' <Predicate = true> <Delay = 2.10> <CoreInst = "DSP48">   --->   Core 116 'DSP48' <Latency = 3> <II = 1> <Delay = 2.15> <IPBlock> <Opcode : 'add' 'sub' 'mul' 'select'> <InPorts = 0> <OutPorts = 1> <Sync> <CReg>
ST_16 : Operation 105 [1/1] (0.00ns)   --->   "%trunc_ln = partselect i8 @_ssdm_op_PartSelect.i8.i16.i32.i32, i16 %add_ln26_4, i32 8, i32 15" [rgb2gray.cpp:26]   --->   Operation 105 'partselect' 'trunc_ln' <Predicate = true> <Delay = 0.00>

State 17 <SV = 16> <Delay = 7.30>
ST_17 : Operation 106 [1/1] (0.00ns)   --->   "%specpipeline_ln25 = specpipeline void @_ssdm_op_SpecPipeline, i32 1, i32 0, i32 0, i32 0, i32 4294967295, void @empty_0" [rgb2gray.cpp:25]   --->   Operation 106 'specpipeline' 'specpipeline_ln25' <Predicate = true> <Delay = 0.00>
ST_17 : Operation 107 [1/1] (0.00ns)   --->   "%speclooptripcount_ln24 = speclooptripcount void @_ssdm_op_SpecLoopTripCount, i64 307200, i64 307200, i64 307200" [rgb2gray.cpp:24]   --->   Operation 107 'speclooptripcount' 'speclooptripcount_ln24' <Predicate = true> <Delay = 0.00>
ST_17 : Operation 108 [1/1] (0.00ns)   --->   "%specloopname_ln24 = specloopname void @_ssdm_op_SpecLoopName, void @empty_12" [rgb2gray.cpp:24]   --->   Operation 108 'specloopname' 'specloopname_ln24' <Predicate = true> <Delay = 0.00>
ST_17 : Operation 109 [1/1] ( I:7.30ns O:7.30ns )   --->   "%write_ln26 = write void @_ssdm_op_Write.m_axi.p1i8.i8, i8 %gmem_addr, i8 %trunc_ln, i1 1" [rgb2gray.cpp:26]   --->   Operation 109 'write' 'write_ln26' <Predicate = true> <Delay = 7.30> <CoreInst = "m_axi">   --->   Core 111 'm_axi' <Latency = 5> <II = 1> <Delay = 1.00> <Adapter> <Opcode : 'readrequnaligned' 'writerequnaligned' 'read' 'write' 'readreq' 'writereq' 'writeresp'>

State 18 <SV = 17> <Delay = 0.00>
ST_18 : Operation 110 [5/5] (7.30ns)   --->   "%empty_18 = writeresp i1 @_ssdm_op_WriteResp.m_axi.p1i8, i8 %gmem_addr" [rgb2gray.cpp:28]   --->   Operation 110 'writeresp' 'empty_18' <Predicate = (icmp_ln24)> <Delay = 7.30> <CoreInst = "m_axi">   --->   Core 111 'm_axi' <Latency = 3> <II = 1> <Delay = 1.00> <Adapter> <Opcode : 'readrequnaligned' 'writerequnaligned' 'read' 'write' 'readreq' 'writereq' 'writeresp'>

State 19 <SV = 18> <Delay = 0.00>
ST_19 : Operation 111 [4/5] (7.30ns)   --->   "%empty_18 = writeresp i1 @_ssdm_op_WriteResp.m_axi.p1i8, i8 %gmem_addr" [rgb2gray.cpp:28]   --->   Operation 111 'writeresp' 'empty_18' <Predicate = (icmp_ln24)> <Delay = 7.30> <CoreInst = "m_axi">   --->   Core 111 'm_axi' <Latency = 3> <II = 1> <Delay = 1.00> <Adapter> <Opcode : 'readrequnaligned' 'writerequnaligned' 'read' 'write' 'readreq' 'writereq' 'writeresp'>

State 20 <SV = 19> <Delay = 0.00>
ST_20 : Operation 112 [3/5] (7.30ns)   --->   "%empty_18 = writeresp i1 @_ssdm_op_WriteResp.m_axi.p1i8, i8 %gmem_addr" [rgb2gray.cpp:28]   --->   Operation 112 'writeresp' 'empty_18' <Predicate = (icmp_ln24)> <Delay = 7.30> <CoreInst = "m_axi">   --->   Core 111 'm_axi' <Latency = 3> <II = 1> <Delay = 1.00> <Adapter> <Opcode : 'readrequnaligned' 'writerequnaligned' 'read' 'write' 'readreq' 'writereq' 'writeresp'>

State 21 <SV = 20> <Delay = 0.00>
ST_21 : Operation 113 [2/5] (7.30ns)   --->   "%empty_18 = writeresp i1 @_ssdm_op_WriteResp.m_axi.p1i8, i8 %gmem_addr" [rgb2gray.cpp:28]   --->   Operation 113 'writeresp' 'empty_18' <Predicate = (icmp_ln24)> <Delay = 7.30> <CoreInst = "m_axi">   --->   Core 111 'm_axi' <Latency = 3> <II = 1> <Delay = 1.00> <Adapter> <Opcode : 'readrequnaligned' 'writerequnaligned' 'read' 'write' 'readreq' 'writereq' 'writeresp'>

State 22 <SV = 21> <Delay = 7.30>
ST_22 : Operation 114 [1/5] ( I:7.30ns O:7.30ns )   --->   "%empty_18 = writeresp i1 @_ssdm_op_WriteResp.m_axi.p1i8, i8 %gmem_addr" [rgb2gray.cpp:28]   --->   Operation 114 'writeresp' 'empty_18' <Predicate = (icmp_ln24)> <Delay = 7.30> <CoreInst = "m_axi">   --->   Core 111 'm_axi' <Latency = 3> <II = 1> <Delay = 1.00> <Adapter> <Opcode : 'readrequnaligned' 'writerequnaligned' 'read' 'write' 'readreq' 'writereq' 'writeresp'>
ST_22 : Operation 115 [1/1] (0.00ns)   --->   "%br_ln24 = br void %new.latch.for.inc.split.split" [rgb2gray.cpp:24]   --->   Operation 115 'br' 'br_ln24' <Predicate = (icmp_ln24)> <Delay = 0.00>
ST_22 : Operation 116 [1/1] (1.58ns)   --->   "%ret_ln28 = ret" [rgb2gray.cpp:28]   --->   Operation 116 'ret' 'ret_ln28' <Predicate = (icmp_ln24)> <Delay = 1.58>


============================================================
+ Verbose Summary: Binding
============================================================
STG Binding: 
---------------- STG Properties BEGIN ----------------
- Is combinational: 0
- Is one-state seq: 0
- Is datapath-only: 0
- Is pipelined: 0
- Is top level: 1
Port [ Return ] is wired: 1; IO mode=ap_ctrl_hs:ce=0
Port [ gmem]:  wired=1; compound=1; hidden=0; nouse=0; global=0; static=0; extern=0; dir=2; type=4; pingpong=0; private_global=0; IO mode=m_axi:ce=0
Port [ r]:  wired=1; compound=0; hidden=0; nouse=0; global=0; static=0; extern=0; dir=0; type=0; pingpong=0; private_global=0; IO mode=ap_none:ce=0
Port [ g]:  wired=1; compound=0; hidden=0; nouse=0; global=0; static=0; extern=0; dir=0; type=0; pingpong=0; private_global=0; IO mode=ap_none:ce=0
Port [ b]:  wired=1; compound=0; hidden=0; nouse=0; global=0; static=0; extern=0; dir=0; type=0; pingpong=0; private_global=0; IO mode=ap_none:ce=0
Port [ gray]:  wired=1; compound=0; hidden=0; nouse=0; global=0; static=0; extern=0; dir=0; type=0; pingpong=0; private_global=0; IO mode=ap_none:ce=0
---------------- STG Properties END ------------------

---------------- Datapath Model BEGIN ----------------

<LifeTime>
<method=bitvector/>
i                      (alloca           ) [ 01000000000000000000000]
spectopmodule_ln7      (spectopmodule    ) [ 00000000000000000000000]
specinterface_ln0      (specinterface    ) [ 00000000000000000000000]
specbitsmap_ln0        (specbitsmap      ) [ 00000000000000000000000]
specinterface_ln0      (specinterface    ) [ 00000000000000000000000]
specinterface_ln0      (specinterface    ) [ 00000000000000000000000]
specinterface_ln0      (specinterface    ) [ 00000000000000000000000]
specinterface_ln0      (specinterface    ) [ 00000000000000000000000]
specinterface_ln0      (specinterface    ) [ 00000000000000000000000]
specinterface_ln0      (specinterface    ) [ 00000000000000000000000]
specinterface_ln0      (specinterface    ) [ 00000000000000000000000]
specinterface_ln0      (specinterface    ) [ 00000000000000000000000]
specinterface_ln0      (specinterface    ) [ 00000000000000000000000]
gray_read              (read             ) [ 00000000000000000000000]
b_read                 (read             ) [ 00000000000000000000000]
g_read                 (read             ) [ 00000000000000000000000]
r_read                 (read             ) [ 00000000000000000000000]
store_ln24             (store            ) [ 00000000000000000000000]
br_ln24                (br               ) [ 00000000000000000000000]
i_2                    (load             ) [ 00000000000000000000000]
first_iter_0           (icmp             ) [ 00100000000000000000000]
gmem_addr              (getelementptr    ) [ 01111111111111111111111]
br_ln24                (br               ) [ 00000000000000000000000]
zext_ln24              (zext             ) [ 00000000000000000000000]
add_ln26               (add              ) [ 00000000000000000000000]
gmem_addr_1            (getelementptr    ) [ 01111111111000000000000]
add_ln26_1             (add              ) [ 00000000000000000000000]
gmem_addr_2            (getelementptr    ) [ 01111111111100000000000]
add_ln26_3             (add              ) [ 00000000000000000000000]
gmem_addr_3            (getelementptr    ) [ 01111111111110000000000]
i_3                    (add              ) [ 00000000000000000000000]
icmp_ln24              (icmp             ) [ 01111111111111111111111]
br_ln24                (br               ) [ 00000000000000000000000]
store_ln24             (store            ) [ 00000000000000000000000]
br_ln24                (br               ) [ 00000000000000000000000]
empty                  (writereq         ) [ 00000000000000000000000]
br_ln0                 (br               ) [ 00000000000000000000000]
gmem_load_req          (readreq          ) [ 00000000000000000000000]
gmem_addr_1_read       (read             ) [ 00100000000100000000000]
gmem_load_1_req        (readreq          ) [ 00000000000000000000000]
zext_ln26              (zext             ) [ 01010000000011000000000]
gmem_addr_2_read       (read             ) [ 01010000000011000000000]
gmem_load_2_req        (readreq          ) [ 00000000000000000000000]
gmem_addr_3_read       (read             ) [ 01000000000001000000000]
mul_ln26               (mul              ) [ 00000000000000000000000]
zext_ln26_1            (zext             ) [ 00000000000000000000000]
mul_ln26_1             (mul              ) [ 00100000000000100000000]
zext_ln26_2            (zext             ) [ 00100000000000100000000]
zext_ln26_3            (zext             ) [ 00110000000000110000000]
add_ln26_2             (add              ) [ 01010000000000011000000]
mul_ln26_2             (mul              ) [ 00000000000000000000000]
zext_ln26_4            (zext             ) [ 01000000000000001000000]
add_ln26_4             (add              ) [ 00000000000000000000000]
trunc_ln               (partselect       ) [ 00100000000000000100000]
specpipeline_ln25      (specpipeline     ) [ 00000000000000000000000]
speclooptripcount_ln24 (speclooptripcount) [ 00000000000000000000000]
specloopname_ln24      (specloopname     ) [ 00000000000000000000000]
write_ln26             (write            ) [ 00000000000000000000000]
empty_18               (writeresp        ) [ 00000000000000000000000]
br_ln24                (br               ) [ 00000000000000000000000]
ret_ln28               (ret              ) [ 00000000000000000000000]
</LifeTime>

<model>

<comp_list>
<comp id="0" class="1000" name="gmem">
<pin_list>
<pin id="1" dir="1" index="0" bw="1" slack="0"/>
</pin_list>
<bind>
<StgValue><ssdm name="gmem"/><MemPortTyVec>2 </MemPortTyVec>
</StgValue>
</bind>
</comp>

<comp id="2" class="1000" name="r">
<pin_list>
<pin id="3" dir="1" index="0" bw="1" slack="0"/>
</pin_list>
<bind>
<StgValue><ssdm name="r"/></StgValue>
</bind>
</comp>

<comp id="4" class="1000" name="g">
<pin_list>
<pin id="5" dir="1" index="0" bw="1" slack="0"/>
</pin_list>
<bind>
<StgValue><ssdm name="g"/></StgValue>
</bind>
</comp>

<comp id="6" class="1000" name="b">
<pin_list>
<pin id="7" dir="1" index="0" bw="1" slack="0"/>
</pin_list>
<bind>
<StgValue><ssdm name="b"/></StgValue>
</bind>
</comp>

<comp id="8" class="1000" name="gray">
<pin_list>
<pin id="9" dir="1" index="0" bw="1" slack="0"/>
</pin_list>
<bind>
<StgValue><ssdm name="gray"/></StgValue>
</bind>
</comp>

<comp id="10" class="1001" name="const_10">
<pin_list>
<pin id="11" dir="1" index="0" bw="1" slack="0"/>
</pin_list>
<bind>
<StgValue><ssdm name=""/></StgValue>
</bind>
</comp>

<comp id="12" class="1001" name="const_12">
<pin_list>
<pin id="13" dir="1" index="0" bw="1" slack="2147483647"/>
</pin_list>
<bind>
<StgValue><ssdm name="_ssdm_op_SpecTopModule"/></StgValue>
</bind>
</comp>

<comp id="14" class="1001" name="const_14">
<pin_list>
<pin id="15" dir="1" index="0" bw="1" slack="2147483647"/>
</pin_list>
<bind>
<StgValue><ssdm name="empty_11"/></StgValue>
</bind>
</comp>

<comp id="16" class="1001" name="const_16">
<pin_list>
<pin id="17" dir="1" index="0" bw="1" slack="2147483647"/>
</pin_list>
<bind>
<StgValue><ssdm name="_ssdm_op_SpecInterface"/></StgValue>
</bind>
</comp>

<comp id="18" class="1001" name="const_18">
<pin_list>
<pin id="19" dir="1" index="0" bw="1" slack="2147483647"/>
</pin_list>
<bind>
<StgValue><ssdm name="empty"/></StgValue>
</bind>
</comp>

<comp id="20" class="1001" name="const_20">
<pin_list>
<pin id="21" dir="1" index="0" bw="1" slack="2147483647"/>
</pin_list>
<bind>
<StgValue><ssdm name=""/></StgValue>
</bind>
</comp>

<comp id="22" class="1001" name="const_22">
<pin_list>
<pin id="23" dir="1" index="0" bw="1" slack="2147483647"/>
</pin_list>
<bind>
<StgValue><ssdm name="empty_0"/></StgValue>
</bind>
</comp>

<comp id="24" class="1001" name="const_24">
<pin_list>
<pin id="25" dir="1" index="0" bw="1" slack="2147483647"/>
</pin_list>
<bind>
<StgValue><ssdm name="empty_1"/></StgValue>
</bind>
</comp>

<comp id="26" class="1001" name="const_26">
<pin_list>
<pin id="27" dir="1" index="0" bw="1" slack="2147483647"/>
</pin_list>
<bind>
<StgValue><ssdm name="empty_2"/></StgValue>
</bind>
</comp>

<comp id="28" class="1001" name="const_28">
<pin_list>
<pin id="29" dir="1" index="0" bw="1" slack="2147483647"/>
</pin_list>
<bind>
<StgValue><ssdm name=""/></StgValue>
</bind>
</comp>

<comp id="30" class="1001" name="const_30">
<pin_list>
<pin id="31" dir="1" index="0" bw="1" slack="2147483647"/>
</pin_list>
<bind>
<StgValue><ssdm name=""/></StgValue>
</bind>
</comp>

<comp id="32" class="1001" name="const_32">
<pin_list>
<pin id="33" dir="1" index="0" bw="1" slack="2147483647"/>
</pin_list>
<bind>
<StgValue><ssdm name="_ssdm_op_SpecBitsMap"/></StgValue>
</bind>
</comp>

<comp id="34" class="1001" name="const_34">
<pin_list>
<pin id="35" dir="1" index="0" bw="1" slack="2147483647"/>
</pin_list>
<bind>
<StgValue><ssdm name="empty_3"/></StgValue>
</bind>
</comp>

<comp id="36" class="1001" name="const_36">
<pin_list>
<pin id="37" dir="1" index="0" bw="1" slack="2147483647"/>
</pin_list>
<bind>
<StgValue><ssdm name="empty_4"/></StgValue>
</bind>
</comp>

<comp id="38" class="1001" name="const_38">
<pin_list>
<pin id="39" dir="1" index="0" bw="1" slack="2147483647"/>
</pin_list>
<bind>
<StgValue><ssdm name="empty_5"/></StgValue>
</bind>
</comp>

<comp id="40" class="1001" name="const_40">
<pin_list>
<pin id="41" dir="1" index="0" bw="1" slack="2147483647"/>
</pin_list>
<bind>
<StgValue><ssdm name="empty_6"/></StgValue>
</bind>
</comp>

<comp id="42" class="1001" name="const_42">
<pin_list>
<pin id="43" dir="1" index="0" bw="1" slack="2147483647"/>
</pin_list>
<bind>
<StgValue><ssdm name="empty_7"/></StgValue>
</bind>
</comp>

<comp id="44" class="1001" name="const_44">
<pin_list>
<pin id="45" dir="1" index="0" bw="1" slack="2147483647"/>
</pin_list>
<bind>
<StgValue><ssdm name="empty_8"/></StgValue>
</bind>
</comp>

<comp id="46" class="1001" name="const_46">
<pin_list>
<pin id="47" dir="1" index="0" bw="1" slack="2147483647"/>
</pin_list>
<bind>
<StgValue><ssdm name="empty_9"/></StgValue>
</bind>
</comp>

<comp id="48" class="1001" name="const_48">
<pin_list>
<pin id="49" dir="1" index="0" bw="1" slack="2147483647"/>
</pin_list>
<bind>
<StgValue><ssdm name="empty_10"/></StgValue>
</bind>
</comp>

<comp id="50" class="1001" name="const_50">
<pin_list>
<pin id="51" dir="1" index="0" bw="1" slack="0"/>
</pin_list>
<bind>
<StgValue><ssdm name="_ssdm_op_Read.s_axilite.i64"/></StgValue>
</bind>
</comp>

<comp id="52" class="1001" name="const_52">
<pin_list>
<pin id="53" dir="1" index="0" bw="1" slack="0"/>
</pin_list>
<bind>
<StgValue><ssdm name=""/></StgValue>
</bind>
</comp>

<comp id="54" class="1001" name="const_54">
<pin_list>
<pin id="55" dir="1" index="0" bw="1" slack="0"/>
</pin_list>
<bind>
<StgValue><ssdm name=""/></StgValue>
</bind>
</comp>

<comp id="56" class="1001" name="const_56">
<pin_list>
<pin id="57" dir="1" index="0" bw="1" slack="0"/>
</pin_list>
<bind>
<StgValue><ssdm name=""/></StgValue>
</bind>
</comp>

<comp id="58" class="1001" name="const_58">
<pin_list>
<pin id="59" dir="1" index="0" bw="1" slack="0"/>
</pin_list>
<bind>
<StgValue><ssdm name="_ssdm_op_WriteReq.m_axi.p1i8"/></StgValue>
</bind>
</comp>

<comp id="60" class="1001" name="const_60">
<pin_list>
<pin id="61" dir="1" index="0" bw="1" slack="0"/>
</pin_list>
<bind>
<StgValue><ssdm name=""/></StgValue>
</bind>
</comp>

<comp id="62" class="1001" name="const_62">
<pin_list>
<pin id="63" dir="1" index="0" bw="1" slack="0"/>
</pin_list>
<bind>
<StgValue><ssdm name="_ssdm_op_ReadReq.m_axi.i8P1A"/></StgValue>
</bind>
</comp>

<comp id="64" class="1001" name="const_64">
<pin_list>
<pin id="65" dir="1" index="0" bw="1" slack="0"/>
</pin_list>
<bind>
<StgValue><ssdm name=""/></StgValue>
</bind>
</comp>

<comp id="66" class="1001" name="const_66">
<pin_list>
<pin id="67" dir="1" index="0" bw="1" slack="0"/>
</pin_list>
<bind>
<StgValue><ssdm name="_ssdm_op_Read.m_axi.i8P1A"/></StgValue>
</bind>
</comp>

<comp id="68" class="1001" name="const_68">
<pin_list>
<pin id="69" dir="1" index="0" bw="1" slack="0"/>
</pin_list>
<bind>
<StgValue><ssdm name=""/></StgValue>
</bind>
</comp>

<comp id="70" class="1001" name="const_70">
<pin_list>
<pin id="71" dir="1" index="0" bw="1" slack="0"/>
</pin_list>
<bind>
<StgValue><ssdm name=""/></StgValue>
</bind>
</comp>

<comp id="72" class="1001" name="const_72">
<pin_list>
<pin id="73" dir="1" index="0" bw="1" slack="0"/>
</pin_list>
<bind>
<StgValue><ssdm name=""/></StgValue>
</bind>
</comp>

<comp id="74" class="1001" name="const_74">
<pin_list>
<pin id="75" dir="1" index="0" bw="1" slack="0"/>
</pin_list>
<bind>
<StgValue><ssdm name="_ssdm_op_PartSelect.i8.i16.i32.i32"/></StgValue>
</bind>
</comp>

<comp id="76" class="1001" name="const_76">
<pin_list>
<pin id="77" dir="1" index="0" bw="1" slack="0"/>
</pin_list>
<bind>
<StgValue><ssdm name=""/></StgValue>
</bind>
</comp>

<comp id="78" class="1001" name="const_78">
<pin_list>
<pin id="79" dir="1" index="0" bw="1" slack="0"/>
</pin_list>
<bind>
<StgValue><ssdm name=""/></StgValue>
</bind>
</comp>

<comp id="80" class="1001" name="const_80">
<pin_list>
<pin id="81" dir="1" index="0" bw="1" slack="2147483647"/>
</pin_list>
<bind>
<StgValue><ssdm name="_ssdm_op_SpecPipeline"/></StgValue>
</bind>
</comp>

<comp id="82" class="1001" name="const_82">
<pin_list>
<pin id="83" dir="1" index="0" bw="1" slack="2147483647"/>
</pin_list>
<bind>
<StgValue><ssdm name="_ssdm_op_SpecLoopTripCount"/></StgValue>
</bind>
</comp>

<comp id="84" class="1001" name="const_84">
<pin_list>
<pin id="85" dir="1" index="0" bw="1" slack="2147483647"/>
</pin_list>
<bind>
<StgValue><ssdm name="_ssdm_op_SpecLoopName"/></StgValue>
</bind>
</comp>

<comp id="86" class="1001" name="const_86">
<pin_list>
<pin id="87" dir="1" index="0" bw="1" slack="2147483647"/>
</pin_list>
<bind>
<StgValue><ssdm name="empty_12"/></StgValue>
</bind>
</comp>

<comp id="88" class="1001" name="const_88">
<pin_list>
<pin id="89" dir="1" index="0" bw="1" slack="0"/>
</pin_list>
<bind>
<StgValue><ssdm name="_ssdm_op_Write.m_axi.p1i8.i8"/></StgValue>
</bind>
</comp>

<comp id="90" class="1001" name="const_90">
<pin_list>
<pin id="91" dir="1" index="0" bw="1" slack="0"/>
</pin_list>
<bind>
<StgValue><ssdm name=""/></StgValue>
</bind>
</comp>

<comp id="92" class="1001" name="const_92">
<pin_list>
<pin id="93" dir="1" index="0" bw="1" slack="0"/>
</pin_list>
<bind>
<StgValue><ssdm name="_ssdm_op_WriteResp.m_axi.p1i8"/></StgValue>
</bind>
</comp>

<comp id="94" class="1004" name="i_fu_94">
<pin_list>
<pin id="95" dir="0" index="0" bw="1" slack="0"/>
<pin id="96" dir="1" index="1" bw="19" slack="0"/>
</pin_list>
<bind>
<opcode="alloca(26) " fcode="alloca"/>
<opset="i/1 "/>
</bind>
</comp>

<comp id="98" class="1004" name="gray_read_read_fu_98">
<pin_list>
<pin id="99" dir="0" index="0" bw="64" slack="0"/>
<pin id="100" dir="0" index="1" bw="64" slack="0"/>
<pin id="101" dir="1" index="2" bw="64" slack="0"/>
</pin_list>
<bind>
<opcode="read(1150) " fcode="read"/>
<opset="gray_read/1 "/>
</bind>
</comp>

<comp id="104" class="1004" name="b_read_read_fu_104">
<pin_list>
<pin id="105" dir="0" index="0" bw="64" slack="0"/>
<pin id="106" dir="0" index="1" bw="64" slack="0"/>
<pin id="107" dir="1" index="2" bw="64" slack="0"/>
</pin_list>
<bind>
<opcode="read(1150) " fcode="read"/>
<opset="b_read/1 "/>
</bind>
</comp>

<comp id="110" class="1004" name="g_read_read_fu_110">
<pin_list>
<pin id="111" dir="0" index="0" bw="64" slack="0"/>
<pin id="112" dir="0" index="1" bw="64" slack="0"/>
<pin id="113" dir="1" index="2" bw="64" slack="0"/>
</pin_list>
<bind>
<opcode="read(1150) " fcode="read"/>
<opset="g_read/1 "/>
</bind>
</comp>

<comp id="116" class="1004" name="r_read_read_fu_116">
<pin_list>
<pin id="117" dir="0" index="0" bw="64" slack="0"/>
<pin id="118" dir="0" index="1" bw="64" slack="0"/>
<pin id="119" dir="1" index="2" bw="64" slack="0"/>
</pin_list>
<bind>
<opcode="read(1150) " fcode="read"/>
<opset="r_read/1 "/>
</bind>
</comp>

<comp id="122" class="1004" name="empty_writereq_fu_122">
<pin_list>
<pin id="123" dir="0" index="0" bw="1" slack="0"/>
<pin id="124" dir="0" index="1" bw="8" slack="1"/>
<pin id="125" dir="0" index="2" bw="20" slack="0"/>
<pin id="126" dir="1" index="3" bw="1" slack="2147483647"/>
</pin_list>
<bind>
<opcode="writereq(1155) " fcode="writereq"/>
<opset="empty/2 "/>
</bind>
</comp>

<comp id="129" class="1004" name="grp_readreq_fu_129">
<pin_list>
<pin id="130" dir="0" index="0" bw="1" slack="0"/>
<pin id="131" dir="0" index="1" bw="8" slack="1"/>
<pin id="132" dir="0" index="2" bw="1" slack="0"/>
<pin id="133" dir="1" index="3" bw="1" slack="2147483647"/>
</pin_list>
<bind>
<opcode="readreq(1154) " fcode="readreq"/>
<opset="gmem_load_req/2 gmem_load_1_req/3 gmem_load_2_req/4 "/>
</bind>
</comp>

<comp id="136" class="1004" name="grp_read_fu_136">
<pin_list>
<pin id="137" dir="0" index="0" bw="8" slack="0"/>
<pin id="138" dir="0" index="1" bw="8" slack="9"/>
<pin id="139" dir="1" index="2" bw="8" slack="1"/>
</pin_list>
<bind>
<opcode="read(1150) " fcode="read"/>
<opset="gmem_addr_1_read/10 gmem_addr_2_read/11 gmem_addr_3_read/12 "/>
</bind>
</comp>

<comp id="141" class="1004" name="write_ln26_write_fu_141">
<pin_list>
<pin id="142" dir="0" index="0" bw="0" slack="0"/>
<pin id="143" dir="0" index="1" bw="8" slack="16"/>
<pin id="144" dir="0" index="2" bw="8" slack="1"/>
<pin id="145" dir="0" index="3" bw="1" slack="0"/>
<pin id="146" dir="1" index="4" bw="0" slack="2147483647"/>
</pin_list>
<bind>
<opcode="write(1151) " fcode="write"/>
<opset="write_ln26/17 "/>
</bind>
</comp>

<comp id="149" class="1004" name="grp_writeresp_fu_149">
<pin_list>
<pin id="150" dir="0" index="0" bw="1" slack="0"/>
<pin id="151" dir="0" index="1" bw="8" slack="17"/>
<pin id="152" dir="1" index="2" bw="1" slack="2147483647"/>
</pin_list>
<bind>
<opcode="writeresp(1158) " fcode="writeresp"/>
<opset="empty_18/18 "/>
</bind>
</comp>

<comp id="154" class="1005" name="reg_154">
<pin_list>
<pin id="155" dir="0" index="0" bw="8" slack="1"/>
<pin id="156" dir="1" index="1" bw="8" slack="1"/>
</pin_list>
<bind>
<opset="gmem_addr_1_read gmem_addr_2_read "/>
</bind>
</comp>

<comp id="158" class="1004" name="store_ln24_store_fu_158">
<pin_list>
<pin id="159" dir="0" index="0" bw="1" slack="0"/>
<pin id="160" dir="0" index="1" bw="19" slack="0"/>
<pin id="161" dir="1" index="2" bw="0" slack="2147483647"/>
</pin_list>
<bind>
<opcode="store(28) " fcode="store"/>
<opset="store_ln24/1 "/>
</bind>
</comp>

<comp id="163" class="1004" name="i_2_load_fu_163">
<pin_list>
<pin id="164" dir="0" index="0" bw="19" slack="0"/>
<pin id="165" dir="1" index="1" bw="19" slack="0"/>
</pin_list>
<bind>
<opcode="load(27) " fcode="load"/>
<opset="i_2/1 "/>
</bind>
</comp>

<comp id="166" class="1004" name="first_iter_0_fu_166">
<pin_list>
<pin id="167" dir="0" index="0" bw="19" slack="0"/>
<pin id="168" dir="0" index="1" bw="1" slack="0"/>
<pin id="169" dir="1" index="2" bw="1" slack="1"/>
</pin_list>
<bind>
<opcode="icmp(45) " fcode="icmp"/>
<opset="first_iter_0/1 "/>
</bind>
</comp>

<comp id="172" class="1004" name="gmem_addr_fu_172">
<pin_list>
<pin id="173" dir="0" index="0" bw="8" slack="0"/>
<pin id="174" dir="0" index="1" bw="64" slack="0"/>
<pin id="175" dir="1" index="2" bw="8" slack="1"/>
</pin_list>
<bind>
<opcode="getelementptr(29) " fcode="getelementptr"/>
<opset="gmem_addr/1 "/>
</bind>
</comp>

<comp id="178" class="1004" name="zext_ln24_fu_178">
<pin_list>
<pin id="179" dir="0" index="0" bw="19" slack="0"/>
<pin id="180" dir="1" index="1" bw="64" slack="0"/>
</pin_list>
<bind>
<opcode="zext(34) " fcode="zext"/>
<opset="zext_ln24/1 "/>
</bind>
</comp>

<comp id="182" class="1004" name="add_ln26_fu_182">
<pin_list>
<pin id="183" dir="0" index="0" bw="19" slack="0"/>
<pin id="184" dir="0" index="1" bw="64" slack="0"/>
<pin id="185" dir="1" index="2" bw="64" slack="0"/>
</pin_list>
<bind>
<opcode="add(8) " fcode="add"/>
<opset="add_ln26/1 "/>
</bind>
</comp>

<comp id="188" class="1004" name="gmem_addr_1_fu_188">
<pin_list>
<pin id="189" dir="0" index="0" bw="8" slack="0"/>
<pin id="190" dir="0" index="1" bw="64" slack="0"/>
<pin id="191" dir="1" index="2" bw="8" slack="1"/>
</pin_list>
<bind>
<opcode="getelementptr(29) " fcode="getelementptr"/>
<opset="gmem_addr_1/1 "/>
</bind>
</comp>

<comp id="194" class="1004" name="add_ln26_1_fu_194">
<pin_list>
<pin id="195" dir="0" index="0" bw="19" slack="0"/>
<pin id="196" dir="0" index="1" bw="64" slack="0"/>
<pin id="197" dir="1" index="2" bw="64" slack="0"/>
</pin_list>
<bind>
<opcode="add(8) " fcode="add"/>
<opset="add_ln26_1/1 "/>
</bind>
</comp>

<comp id="200" class="1004" name="gmem_addr_2_fu_200">
<pin_list>
<pin id="201" dir="0" index="0" bw="8" slack="0"/>
<pin id="202" dir="0" index="1" bw="64" slack="0"/>
<pin id="203" dir="1" index="2" bw="8" slack="2"/>
</pin_list>
<bind>
<opcode="getelementptr(29) " fcode="getelementptr"/>
<opset="gmem_addr_2/1 "/>
</bind>
</comp>

<comp id="206" class="1004" name="add_ln26_3_fu_206">
<pin_list>
<pin id="207" dir="0" index="0" bw="19" slack="0"/>
<pin id="208" dir="0" index="1" bw="64" slack="0"/>
<pin id="209" dir="1" index="2" bw="64" slack="0"/>
</pin_list>
<bind>
<opcode="add(8) " fcode="add"/>
<opset="add_ln26_3/1 "/>
</bind>
</comp>

<comp id="212" class="1004" name="gmem_addr_3_fu_212">
<pin_list>
<pin id="213" dir="0" index="0" bw="8" slack="0"/>
<pin id="214" dir="0" index="1" bw="64" slack="0"/>
<pin id="215" dir="1" index="2" bw="8" slack="3"/>
</pin_list>
<bind>
<opcode="getelementptr(29) " fcode="getelementptr"/>
<opset="gmem_addr_3/1 "/>
</bind>
</comp>

<comp id="218" class="1004" name="i_3_fu_218">
<pin_list>
<pin id="219" dir="0" index="0" bw="19" slack="0"/>
<pin id="220" dir="0" index="1" bw="1" slack="0"/>
<pin id="221" dir="1" index="2" bw="19" slack="0"/>
</pin_list>
<bind>
<opcode="add(8) " fcode="add"/>
<opset="i_3/1 "/>
</bind>
</comp>

<comp id="224" class="1004" name="icmp_ln24_fu_224">
<pin_list>
<pin id="225" dir="0" index="0" bw="19" slack="0"/>
<pin id="226" dir="0" index="1" bw="19" slack="0"/>
<pin id="227" dir="1" index="2" bw="1" slack="17"/>
</pin_list>
<bind>
<opcode="icmp(45) " fcode="icmp"/>
<opset="icmp_ln24/1 "/>
</bind>
</comp>

<comp id="230" class="1004" name="store_ln24_store_fu_230">
<pin_list>
<pin id="231" dir="0" index="0" bw="19" slack="0"/>
<pin id="232" dir="0" index="1" bw="19" slack="0"/>
<pin id="233" dir="1" index="2" bw="0" slack="2147483647"/>
</pin_list>
<bind>
<opcode="store(28) " fcode="store"/>
<opset="store_ln24/1 "/>
</bind>
</comp>

<comp id="235" class="1004" name="zext_ln26_fu_235">
<pin_list>
<pin id="236" dir="0" index="0" bw="8" slack="1"/>
<pin id="237" dir="1" index="1" bw="15" slack="0"/>
</pin_list>
<bind>
<opcode="zext(34) " fcode="zext"/>
<opset="zext_ln26/11 "/>
</bind>
</comp>

<comp id="239" class="1004" name="zext_ln26_1_fu_239">
<pin_list>
<pin id="240" dir="0" index="0" bw="8" slack="2"/>
<pin id="241" dir="1" index="1" bw="16" slack="0"/>
</pin_list>
<bind>
<opcode="zext(34) " fcode="zext"/>
<opset="zext_ln26_1/13 "/>
</bind>
</comp>

<comp id="243" class="1004" name="mul_ln26_1_fu_243">
<pin_list>
<pin id="244" dir="0" index="0" bw="8" slack="0"/>
<pin id="245" dir="0" index="1" bw="9" slack="0"/>
<pin id="246" dir="1" index="2" bw="16" slack="0"/>
</pin_list>
<bind>
<opcode="mul(12) " fcode="mul"/>
<opset="mul_ln26_1/13 "/>
</bind>
</comp>

<comp id="249" class="1004" name="zext_ln26_3_fu_249">
<pin_list>
<pin id="250" dir="0" index="0" bw="8" slack="1"/>
<pin id="251" dir="1" index="1" bw="13" slack="0"/>
</pin_list>
<bind>
<opcode="zext(34) " fcode="zext"/>
<opset="zext_ln26_3/13 "/>
</bind>
</comp>

<comp id="252" class="1004" name="trunc_ln_fu_252">
<pin_list>
<pin id="253" dir="0" index="0" bw="8" slack="0"/>
<pin id="254" dir="0" index="1" bw="16" slack="0"/>
<pin id="255" dir="0" index="2" bw="5" slack="0"/>
<pin id="256" dir="0" index="3" bw="5" slack="0"/>
<pin id="257" dir="1" index="4" bw="8" slack="1"/>
</pin_list>
<bind>
<opcode="partselect(1002) " fcode="partselect"/>
<opset="trunc_ln/16 "/>
</bind>
</comp>

<comp id="261" class="1007" name="grp_fu_261">
<pin_list>
<pin id="262" dir="0" index="0" bw="8" slack="0"/>
<pin id="263" dir="0" index="1" bw="7" slack="0"/>
<pin id="264" dir="0" index="2" bw="16" slack="0"/>
<pin id="265" dir="1" index="3" bw="16" slack="1"/>
</pin_list>
<bind>
<opcode="muladd(1172) " fcode="muladd"/>
<opset="mul_ln26/11 zext_ln26_2/13 add_ln26_2/13 "/>
</bind>
</comp>

<comp id="269" class="1007" name="grp_fu_269">
<pin_list>
<pin id="270" dir="0" index="0" bw="8" slack="0"/>
<pin id="271" dir="0" index="1" bw="5" slack="0"/>
<pin id="272" dir="0" index="2" bw="16" slack="2147483647"/>
<pin id="273" dir="1" index="3" bw="16" slack="0"/>
</pin_list>
<bind>
<opcode="muladd(1172) " fcode="muladd"/>
<opset="mul_ln26_2/13 zext_ln26_4/15 add_ln26_4/15 "/>
</bind>
</comp>

<comp id="277" class="1005" name="i_reg_277">
<pin_list>
<pin id="278" dir="0" index="0" bw="19" slack="0"/>
<pin id="279" dir="1" index="1" bw="19" slack="0"/>
</pin_list>
<bind>
<opset="i "/>
</bind>
</comp>

<comp id="284" class="1005" name="first_iter_0_reg_284">
<pin_list>
<pin id="285" dir="0" index="0" bw="1" slack="1"/>
<pin id="286" dir="1" index="1" bw="1" slack="2147483647"/>
</pin_list>
<bind>
<opset="first_iter_0 "/>
</bind>
</comp>

<comp id="288" class="1005" name="gmem_addr_reg_288">
<pin_list>
<pin id="289" dir="0" index="0" bw="8" slack="1"/>
<pin id="290" dir="1" index="1" bw="8" slack="1"/>
</pin_list>
<bind>
<opset="gmem_addr "/>
</bind>
</comp>

<comp id="295" class="1005" name="gmem_addr_1_reg_295">
<pin_list>
<pin id="296" dir="0" index="0" bw="8" slack="1"/>
<pin id="297" dir="1" index="1" bw="8" slack="1"/>
</pin_list>
<bind>
<opset="gmem_addr_1 "/>
</bind>
</comp>

<comp id="301" class="1005" name="gmem_addr_2_reg_301">
<pin_list>
<pin id="302" dir="0" index="0" bw="8" slack="2"/>
<pin id="303" dir="1" index="1" bw="8" slack="2"/>
</pin_list>
<bind>
<opset="gmem_addr_2 "/>
</bind>
</comp>

<comp id="307" class="1005" name="gmem_addr_3_reg_307">
<pin_list>
<pin id="308" dir="0" index="0" bw="8" slack="3"/>
<pin id="309" dir="1" index="1" bw="8" slack="3"/>
</pin_list>
<bind>
<opset="gmem_addr_3 "/>
</bind>
</comp>

<comp id="313" class="1005" name="icmp_ln24_reg_313">
<pin_list>
<pin id="314" dir="0" index="0" bw="1" slack="17"/>
<pin id="315" dir="1" index="1" bw="1" slack="2147483647"/>
</pin_list>
<bind>
<opset="icmp_ln24 "/>
</bind>
</comp>

<comp id="317" class="1005" name="zext_ln26_reg_317">
<pin_list>
<pin id="318" dir="0" index="0" bw="15" slack="1"/>
<pin id="319" dir="1" index="1" bw="15" slack="1"/>
</pin_list>
<bind>
<opset="zext_ln26 "/>
</bind>
</comp>

<comp id="322" class="1005" name="gmem_addr_3_read_reg_322">
<pin_list>
<pin id="323" dir="0" index="0" bw="8" slack="1"/>
<pin id="324" dir="1" index="1" bw="8" slack="1"/>
</pin_list>
<bind>
<opset="gmem_addr_3_read "/>
</bind>
</comp>

<comp id="327" class="1005" name="mul_ln26_1_reg_327">
<pin_list>
<pin id="328" dir="0" index="0" bw="16" slack="1"/>
<pin id="329" dir="1" index="1" bw="16" slack="1"/>
</pin_list>
<bind>
<opset="mul_ln26_1 "/>
</bind>
</comp>

<comp id="332" class="1005" name="zext_ln26_3_reg_332">
<pin_list>
<pin id="333" dir="0" index="0" bw="13" slack="1"/>
<pin id="334" dir="1" index="1" bw="13" slack="1"/>
</pin_list>
<bind>
<opset="zext_ln26_3 "/>
</bind>
</comp>

<comp id="337" class="1005" name="add_ln26_2_reg_337">
<pin_list>
<pin id="338" dir="0" index="0" bw="16" slack="1"/>
<pin id="339" dir="1" index="1" bw="16" slack="1"/>
</pin_list>
<bind>
<opset="add_ln26_2 "/>
</bind>
</comp>

<comp id="342" class="1005" name="trunc_ln_reg_342">
<pin_list>
<pin id="343" dir="0" index="0" bw="8" slack="1"/>
<pin id="344" dir="1" index="1" bw="8" slack="1"/>
</pin_list>
<bind>
<opset="trunc_ln "/>
</bind>
</comp>

</comp_list>

<net_list>
<net id="97"><net_src comp="10" pin="0"/><net_sink comp="94" pin=0"/></net>

<net id="102"><net_src comp="50" pin="0"/><net_sink comp="98" pin=0"/></net>

<net id="103"><net_src comp="8" pin="0"/><net_sink comp="98" pin=1"/></net>

<net id="108"><net_src comp="50" pin="0"/><net_sink comp="104" pin=0"/></net>

<net id="109"><net_src comp="6" pin="0"/><net_sink comp="104" pin=1"/></net>

<net id="114"><net_src comp="50" pin="0"/><net_sink comp="110" pin=0"/></net>

<net id="115"><net_src comp="4" pin="0"/><net_sink comp="110" pin=1"/></net>

<net id="120"><net_src comp="50" pin="0"/><net_sink comp="116" pin=0"/></net>

<net id="121"><net_src comp="2" pin="0"/><net_sink comp="116" pin=1"/></net>

<net id="127"><net_src comp="58" pin="0"/><net_sink comp="122" pin=0"/></net>

<net id="128"><net_src comp="60" pin="0"/><net_sink comp="122" pin=2"/></net>

<net id="134"><net_src comp="62" pin="0"/><net_sink comp="129" pin=0"/></net>

<net id="135"><net_src comp="64" pin="0"/><net_sink comp="129" pin=2"/></net>

<net id="140"><net_src comp="66" pin="0"/><net_sink comp="136" pin=0"/></net>

<net id="147"><net_src comp="88" pin="0"/><net_sink comp="141" pin=0"/></net>

<net id="148"><net_src comp="90" pin="0"/><net_sink comp="141" pin=3"/></net>

<net id="153"><net_src comp="92" pin="0"/><net_sink comp="149" pin=0"/></net>

<net id="157"><net_src comp="136" pin="2"/><net_sink comp="154" pin=0"/></net>

<net id="162"><net_src comp="52" pin="0"/><net_sink comp="158" pin=0"/></net>

<net id="170"><net_src comp="163" pin="1"/><net_sink comp="166" pin=0"/></net>

<net id="171"><net_src comp="52" pin="0"/><net_sink comp="166" pin=1"/></net>

<net id="176"><net_src comp="0" pin="0"/><net_sink comp="172" pin=0"/></net>

<net id="177"><net_src comp="98" pin="2"/><net_sink comp="172" pin=1"/></net>

<net id="181"><net_src comp="163" pin="1"/><net_sink comp="178" pin=0"/></net>

<net id="186"><net_src comp="178" pin="1"/><net_sink comp="182" pin=0"/></net>

<net id="187"><net_src comp="116" pin="2"/><net_sink comp="182" pin=1"/></net>

<net id="192"><net_src comp="0" pin="0"/><net_sink comp="188" pin=0"/></net>

<net id="193"><net_src comp="182" pin="2"/><net_sink comp="188" pin=1"/></net>

<net id="198"><net_src comp="178" pin="1"/><net_sink comp="194" pin=0"/></net>

<net id="199"><net_src comp="110" pin="2"/><net_sink comp="194" pin=1"/></net>

<net id="204"><net_src comp="0" pin="0"/><net_sink comp="200" pin=0"/></net>

<net id="205"><net_src comp="194" pin="2"/><net_sink comp="200" pin=1"/></net>

<net id="210"><net_src comp="178" pin="1"/><net_sink comp="206" pin=0"/></net>

<net id="211"><net_src comp="104" pin="2"/><net_sink comp="206" pin=1"/></net>

<net id="216"><net_src comp="0" pin="0"/><net_sink comp="212" pin=0"/></net>

<net id="217"><net_src comp="206" pin="2"/><net_sink comp="212" pin=1"/></net>

<net id="222"><net_src comp="163" pin="1"/><net_sink comp="218" pin=0"/></net>

<net id="223"><net_src comp="54" pin="0"/><net_sink comp="218" pin=1"/></net>

<net id="228"><net_src comp="163" pin="1"/><net_sink comp="224" pin=0"/></net>

<net id="229"><net_src comp="56" pin="0"/><net_sink comp="224" pin=1"/></net>

<net id="234"><net_src comp="218" pin="2"/><net_sink comp="230" pin=0"/></net>

<net id="238"><net_src comp="154" pin="1"/><net_sink comp="235" pin=0"/></net>

<net id="242"><net_src comp="154" pin="1"/><net_sink comp="239" pin=0"/></net>

<net id="247"><net_src comp="239" pin="1"/><net_sink comp="243" pin=0"/></net>

<net id="248"><net_src comp="70" pin="0"/><net_sink comp="243" pin=1"/></net>

<net id="258"><net_src comp="74" pin="0"/><net_sink comp="252" pin=0"/></net>

<net id="259"><net_src comp="76" pin="0"/><net_sink comp="252" pin=2"/></net>

<net id="260"><net_src comp="78" pin="0"/><net_sink comp="252" pin=3"/></net>

<net id="266"><net_src comp="235" pin="1"/><net_sink comp="261" pin=0"/></net>

<net id="267"><net_src comp="68" pin="0"/><net_sink comp="261" pin=1"/></net>

<net id="268"><net_src comp="243" pin="2"/><net_sink comp="261" pin=2"/></net>

<net id="274"><net_src comp="249" pin="1"/><net_sink comp="269" pin=0"/></net>

<net id="275"><net_src comp="72" pin="0"/><net_sink comp="269" pin=1"/></net>

<net id="276"><net_src comp="269" pin="3"/><net_sink comp="252" pin=1"/></net>

<net id="280"><net_src comp="94" pin="1"/><net_sink comp="277" pin=0"/></net>

<net id="281"><net_src comp="277" pin="1"/><net_sink comp="158" pin=1"/></net>

<net id="282"><net_src comp="277" pin="1"/><net_sink comp="163" pin=0"/></net>

<net id="283"><net_src comp="277" pin="1"/><net_sink comp="230" pin=1"/></net>

<net id="287"><net_src comp="166" pin="2"/><net_sink comp="284" pin=0"/></net>

<net id="291"><net_src comp="172" pin="2"/><net_sink comp="288" pin=0"/></net>

<net id="292"><net_src comp="288" pin="1"/><net_sink comp="122" pin=1"/></net>

<net id="293"><net_src comp="288" pin="1"/><net_sink comp="141" pin=1"/></net>

<net id="294"><net_src comp="288" pin="1"/><net_sink comp="149" pin=1"/></net>

<net id="298"><net_src comp="188" pin="2"/><net_sink comp="295" pin=0"/></net>

<net id="299"><net_src comp="295" pin="1"/><net_sink comp="129" pin=1"/></net>

<net id="300"><net_src comp="295" pin="1"/><net_sink comp="136" pin=1"/></net>

<net id="304"><net_src comp="200" pin="2"/><net_sink comp="301" pin=0"/></net>

<net id="305"><net_src comp="301" pin="1"/><net_sink comp="129" pin=1"/></net>

<net id="306"><net_src comp="301" pin="1"/><net_sink comp="136" pin=1"/></net>

<net id="310"><net_src comp="212" pin="2"/><net_sink comp="307" pin=0"/></net>

<net id="311"><net_src comp="307" pin="1"/><net_sink comp="129" pin=1"/></net>

<net id="312"><net_src comp="307" pin="1"/><net_sink comp="136" pin=1"/></net>

<net id="316"><net_src comp="224" pin="2"/><net_sink comp="313" pin=0"/></net>

<net id="320"><net_src comp="235" pin="1"/><net_sink comp="317" pin=0"/></net>

<net id="321"><net_src comp="317" pin="1"/><net_sink comp="261" pin=0"/></net>

<net id="325"><net_src comp="136" pin="2"/><net_sink comp="322" pin=0"/></net>

<net id="326"><net_src comp="322" pin="1"/><net_sink comp="249" pin=0"/></net>

<net id="330"><net_src comp="243" pin="2"/><net_sink comp="327" pin=0"/></net>

<net id="331"><net_src comp="327" pin="1"/><net_sink comp="261" pin=0"/></net>

<net id="335"><net_src comp="249" pin="1"/><net_sink comp="332" pin=0"/></net>

<net id="336"><net_src comp="332" pin="1"/><net_sink comp="269" pin=0"/></net>

<net id="340"><net_src comp="261" pin="3"/><net_sink comp="337" pin=0"/></net>

<net id="341"><net_src comp="337" pin="1"/><net_sink comp="269" pin=0"/></net>

<net id="345"><net_src comp="252" pin="4"/><net_sink comp="342" pin=0"/></net>

<net id="346"><net_src comp="342" pin="1"/><net_sink comp="141" pin=2"/></net>

</net_list>

</model> 
---------------- Datapath Model END ------------------

* FSMD analyzer results:
  - Output states:
	Port: gmem | {2 17 18 19 20 21 22 }
 - Input state : 
	Port: rgb2gray : gmem | {2 3 4 5 6 7 8 9 10 11 12 }
	Port: rgb2gray : r | {1 }
	Port: rgb2gray : g | {1 }
	Port: rgb2gray : b | {1 }
	Port: rgb2gray : gray | {1 }
  - Chain level:
	State 1
		store_ln24 : 1
		i_2 : 1
		first_iter_0 : 2
		br_ln24 : 3
		zext_ln24 : 2
		add_ln26 : 3
		gmem_addr_1 : 4
		add_ln26_1 : 3
		gmem_addr_2 : 4
		add_ln26_3 : 3
		gmem_addr_3 : 4
		i_3 : 2
		icmp_ln24 : 2
		br_ln24 : 3
		store_ln24 : 3
		br_ln24 : 3
	State 2
	State 3
	State 4
	State 5
	State 6
	State 7
	State 8
	State 9
	State 10
	State 11
		mul_ln26 : 1
	State 12
	State 13
		mul_ln26_1 : 1
		zext_ln26_2 : 1
		add_ln26_2 : 2
		mul_ln26_2 : 1
	State 14
	State 15
		zext_ln26_4 : 1
		add_ln26_4 : 2
	State 16
		trunc_ln : 1
	State 17
	State 18
	State 19
	State 20
	State 21
	State 22


============================================================
+ Verbose Summary: Datapath Resource usage 
============================================================

* Functional unit list:
|----------|-------------------------|---------|---------|---------|
| Operation|     Functional Unit     |   DSP   |    FF   |   LUT   |
|----------|-------------------------|---------|---------|---------|
|          |     add_ln26_fu_182     |    0    |    0    |    71   |
|    add   |    add_ln26_1_fu_194    |    0    |    0    |    71   |
|          |    add_ln26_3_fu_206    |    0    |    0    |    71   |
|          |        i_3_fu_218       |    0    |    0    |    26   |
|----------|-------------------------|---------|---------|---------|
|   icmp   |   first_iter_0_fu_166   |    0    |    0    |    26   |
|          |     icmp_ln24_fu_224    |    0    |    0    |    26   |
|----------|-------------------------|---------|---------|---------|
|    mul   |    mul_ln26_1_fu_243    |    0    |    0    |    51   |
|----------|-------------------------|---------|---------|---------|
|  muladd  |        grp_fu_261       |    1    |    0    |    0    |
|          |        grp_fu_269       |    1    |    0    |    0    |
|----------|-------------------------|---------|---------|---------|
|          |   gray_read_read_fu_98  |    0    |    0    |    0    |
|          |    b_read_read_fu_104   |    0    |    0    |    0    |
|   read   |    g_read_read_fu_110   |    0    |    0    |    0    |
|          |    r_read_read_fu_116   |    0    |    0    |    0    |
|          |     grp_read_fu_136     |    0    |    0    |    0    |
|----------|-------------------------|---------|---------|---------|
| writereq |  empty_writereq_fu_122  |    0    |    0    |    0    |
|----------|-------------------------|---------|---------|---------|
|  readreq |    grp_readreq_fu_129   |    0    |    0    |    0    |
|----------|-------------------------|---------|---------|---------|
|   write  | write_ln26_write_fu_141 |    0    |    0    |    0    |
|----------|-------------------------|---------|---------|---------|
| writeresp|   grp_writeresp_fu_149  |    0    |    0    |    0    |
|----------|-------------------------|---------|---------|---------|
|          |     zext_ln24_fu_178    |    0    |    0    |    0    |
|   zext   |     zext_ln26_fu_235    |    0    |    0    |    0    |
|          |    zext_ln26_1_fu_239   |    0    |    0    |    0    |
|          |    zext_ln26_3_fu_249   |    0    |    0    |    0    |
|----------|-------------------------|---------|---------|---------|
|partselect|     trunc_ln_fu_252     |    0    |    0    |    0    |
|----------|-------------------------|---------|---------|---------|
|   Total  |                         |    2    |    0    |   342   |
|----------|-------------------------|---------|---------|---------|

Memories:
N/A

* Register list:
+------------------------+--------+
|                        |   FF   |
+------------------------+--------+
|   add_ln26_2_reg_337   |   16   |
|  first_iter_0_reg_284  |    1   |
|   gmem_addr_1_reg_295  |    8   |
|   gmem_addr_2_reg_301  |    8   |
|gmem_addr_3_read_reg_322|    8   |
|   gmem_addr_3_reg_307  |    8   |
|    gmem_addr_reg_288   |    8   |
|        i_reg_277       |   19   |
|    icmp_ln24_reg_313   |    1   |
|   mul_ln26_1_reg_327   |   16   |
|         reg_154        |    8   |
|    trunc_ln_reg_342    |    8   |
|   zext_ln26_3_reg_332  |   13   |
|    zext_ln26_reg_317   |   15   |
+------------------------+--------+
|          Total         |   137  |
+------------------------+--------+

* Multiplexer (MUX) list: 
|--------------------|------|------|------|--------||---------||---------||---------|
|        Comp        |  Pin | Size |  BW  | S x BW ||  Delay  ||    FF   ||   LUT   |
|--------------------|------|------|------|--------||---------||---------||---------|
| grp_readreq_fu_129 |  p1  |   3  |   8  |   24   ||    0    ||    14   |
|   grp_read_fu_136  |  p1  |   3  |   8  |   24   ||    0    ||    14   |
|     grp_fu_261     |  p0  |   3  |   8  |   24   ||    0    ||    14   |
|     grp_fu_269     |  p0  |   3  |   8  |   24   ||    0    ||    14   |
|--------------------|------|------|------|--------||---------||---------||---------|
|        Total       |      |      |      |   96   ||  6.8292 ||    0    ||    56   |
|--------------------|------|------|------|--------||---------||---------||---------|



* Summary:
+-----------+--------+--------+--------+--------+
|           |   DSP  |  Delay |   FF   |   LUT  |
+-----------+--------+--------+--------+--------+
|  Function |    2   |    -   |    0   |   342  |
|   Memory  |    -   |    -   |    -   |    -   |
|Multiplexer|    -   |    6   |    0   |   56   |
|  Register |    -   |    -   |   137  |    -   |
+-----------+--------+--------+--------+--------+
|   Total   |    2   |    6   |   137  |   398  |
+-----------+--------+--------+--------+--------+
