  **** HLS Build v2025.2 6295257
INFO: [HLS 200-2005] Using work_dir C:/Users/LENOVO/HWSW/HLS/rgb2gray_hls/rgb2gray_hls 
INFO: [HLS 200-2176] Writing Vitis IDE component file C:/Users/LENOVO/HWSW/HLS/rgb2gray_hls/rgb2gray_hls/vitis-comp.json
INFO: [HLS 200-10] Creating and opening component 'C:/Users/LENOVO/HWSW/HLS/rgb2gray_hls/rgb2gray_hls'.
INFO: [HLS 200-1611] Setting target device to 'xc7z014s-clg484-1'
INFO: [HLS 200-1505] Using default flow_target 'vivado'
Resolution: For help on HLS 200-1505 see docs.amd.com/access/sources/dita/topic?Doc_Version=2025.2%20English&url=ug1448-hls-guidance&resourceid=200-1505.html
INFO: [HLS 200-2174] Applying component config ini file hls_config.cfg
INFO: [HLS 200-1465] Applying config ini 'syn.file=rgb2gray.cpp' from hls_config.cfg(8)
INFO: [HLS 200-10] Adding design file 'C:/Users/LENOVO/HWSW/HLS/rgb2gray_hls/rgb2gray.cpp' to the project
INFO: [HLS 200-1465] Applying config ini 'tb.file=tb_rgb2gray.cpp' from hls_config.cfg(9)
INFO: [HLS 200-10] Adding test bench file 'C:/Users/LENOVO/HWSW/HLS/rgb2gray_hls/tb_rgb2gray.cpp' to the project
INFO: [HLS 200-1465] Applying config ini 'syn.top=rgb2gray' from hls_config.cfg(10)
INFO: [HLS 200-1465] Applying config ini 'flow_target=vivado' from hls_config.cfg(4)
INFO: [HLS 200-1505] Using flow_target 'vivado'
Resolution: For help on HLS 200-1505 see docs.amd.com/access/sources/dita/topic?Doc_Version=2025.2%20English&url=ug1448-hls-guidance&resourceid=200-1505.html
INFO: [HLS 200-1465] Applying config ini 'part=xc7z014sclg484-1' from hls_config.cfg(1)
INFO: [HLS 200-1465] Applying config ini 'clock=10ns' from hls_config.cfg(7)
INFO: [SYN 201-201] Setting up clock 'default' with a period of 10ns.
INFO: [HLS 200-1465] Applying config ini 'package.output.format=ip_catalog' from hls_config.cfg(5)
INFO: [HLS 200-2176] Writing Vitis IDE component file C:/Users/LENOVO/HWSW/HLS/rgb2gray_hls/rgb2gray_hls/vitis-comp.json
INFO: [COSIM 212-47] Using XSIM for RTL simulation.
INFO: [COSIM 212-14] Instrumenting C test bench ...
   Build using "C:/AMDDesignTools/2025.2/Vitis/win64/tools/clang-16/bin/clang++"
   Compiling apatb_rgb2gray.cpp
   Compiling rgb2gray.cpp_pre.cpp.tb.cpp
   Compiling tb_rgb2gray.cpp_pre.cpp.tb.cpp
   Compiling apatb_rgb2gray_ir.ll
   Generating cosim.tv.exe
INFO: [COSIM 212-302] Starting C TB testing ... 
Gray[0] = 140
Expected = 140
Test passed!
INFO: [COSIM 212-333] Generating C post check test bench ...
INFO: [COSIM 212-12] Generating RTL test bench ...
pdir_merged readonly
pdir_merged readonly
pdir_merged readonly
pdir_merged writeonly
INFO: [COSIM 212-1] *** C/RTL co-simulation file generation completed. ***
INFO: [COSIM 212-323] Starting verilog simulation. 
INFO: [COSIM 212-15] Starting XSIM ...

C:\Users\LENOVO\HWSW\HLS\rgb2gray_hls\rgb2gray_hls\hls\sim\verilog>set PATH= 

C:\Users\LENOVO\HWSW\HLS\rgb2gray_hls\rgb2gray_hls\hls\sim\verilog>call C:/AMDDesignTools/2025.2/Vivado/bin/xelab xil_defaultlib.apatb_rgb2gray_top xil_defaultlib.glbl -Oenable_linking_all_libraries -prj rgb2gray.prj -L smartconnect_v1_0 -L axi_protocol_checker_v1_1_12 -L axi_protocol_checker_v1_1_13 -L axis_protocol_checker_v1_1_11 -L axis_protocol_checker_v1_1_12 -L xil_defaultlib -L unisims_ver -L xpm  -L floating_point_v7_1_21 -L floating_point_v7_0_26 --lib "ieee_proposed=./ieee_proposed" -L uvm -relax -i ./svr -i ./axivip -i ./svtb -i ./file_agent -i ./rgb2gray_subsystem  -s rgb2gray  
Vivado Simulator v2025.2
Copyright 1986-2022 Xilinx, Inc. All Rights Reserved.
Copyright 2022-2025 Advanced Micro Devices, Inc. All Rights Reserved.
Running: C:/AMDDesignTools/2025.2/Vivado/bin/unwrapped/win64.o/xelab.exe xil_defaultlib.apatb_rgb2gray_top xil_defaultlib.glbl -Oenable_linking_all_libraries -prj rgb2gray.prj -L smartconnect_v1_0 -L axi_protocol_checker_v1_1_12 -L axi_protocol_checker_v1_1_13 -L axis_protocol_checker_v1_1_11 -L axis_protocol_checker_v1_1_12 -L xil_defaultlib -L unisims_ver -L xpm -L floating_point_v7_1_21 -L floating_point_v7_0_26 --lib ieee_proposed=./ieee_proposed -L uvm -relax -i ./svr -i ./axivip -i ./svtb -i ./file_agent -i ./rgb2gray_subsystem -s rgb2gray 
Multi-threading is on. Using 10 slave threads.
INFO: [VRFC 10-2263] Analyzing SystemVerilog file "C:/Users/LENOVO/HWSW/HLS/rgb2gray_hls/rgb2gray_hls/hls/sim/verilog/glbl.v" into library xil_defaultlib
INFO: [VRFC 10-311] analyzing module glbl
INFO: [VRFC 10-2263] Analyzing SystemVerilog file "C:/Users/LENOVO/HWSW/HLS/rgb2gray_hls/rgb2gray_hls/hls/sim/verilog/AESL_automem_b.v" into library xil_defaultlib
INFO: [VRFC 10-311] analyzing module AESL_automem_b
INFO: [VRFC 10-2263] Analyzing SystemVerilog file "C:/Users/LENOVO/HWSW/HLS/rgb2gray_hls/rgb2gray_hls/hls/sim/verilog/AESL_automem_g.v" into library xil_defaultlib
INFO: [VRFC 10-311] analyzing module AESL_automem_g
INFO: [VRFC 10-2263] Analyzing SystemVerilog file "C:/Users/LENOVO/HWSW/HLS/rgb2gray_hls/rgb2gray_hls/hls/sim/verilog/AESL_automem_gray.v" into library xil_defaultlib
INFO: [VRFC 10-311] analyzing module AESL_automem_gray
INFO: [VRFC 10-2263] Analyzing SystemVerilog file "C:/Users/LENOVO/HWSW/HLS/rgb2gray_hls/rgb2gray_hls/hls/sim/verilog/AESL_automem_r.v" into library xil_defaultlib
INFO: [VRFC 10-311] analyzing module AESL_automem_r
INFO: [VRFC 10-2263] Analyzing SystemVerilog file "C:/Users/LENOVO/HWSW/HLS/rgb2gray_hls/rgb2gray_hls/hls/sim/verilog/rgb2gray.autotb.v" into library xil_defaultlib
INFO: [VRFC 10-311] analyzing module apatb_rgb2gray_top
INFO: [VRFC 10-2263] Analyzing SystemVerilog file "C:/Users/LENOVO/HWSW/HLS/rgb2gray_hls/rgb2gray_hls/hls/sim/verilog/rgb2gray.v" into library xil_defaultlib
INFO: [VRFC 10-311] analyzing module rgb2gray
INFO: [VRFC 10-2263] Analyzing SystemVerilog file "C:/Users/LENOVO/HWSW/HLS/rgb2gray_hls/rgb2gray_hls/hls/sim/verilog/rgb2gray_flow_control_loop_pipe.v" into library xil_defaultlib
INFO: [VRFC 10-311] analyzing module rgb2gray_flow_control_loop_pipe
INFO: [VRFC 10-2263] Analyzing SystemVerilog file "C:/Users/LENOVO/HWSW/HLS/rgb2gray_hls/rgb2gray_hls/hls/sim/verilog/rgb2gray_mac_muladd_8ns_5ns_16s_16_4_1.v" into library xil_defaultlib
INFO: [VRFC 10-311] analyzing module rgb2gray_mac_muladd_8ns_5ns_16s_16_4_1_DSP48_0
INFO: [VRFC 10-311] analyzing module rgb2gray_mac_muladd_8ns_5ns_16s_16_4_1
INFO: [VRFC 10-2263] Analyzing SystemVerilog file "C:/Users/LENOVO/HWSW/HLS/rgb2gray_hls/rgb2gray_hls/hls/sim/verilog/rgb2gray_mac_muladd_8ns_7ns_16s_16_4_1.v" into library xil_defaultlib
INFO: [VRFC 10-311] analyzing module rgb2gray_mac_muladd_8ns_7ns_16s_16_4_1_DSP48_0
INFO: [VRFC 10-311] analyzing module rgb2gray_mac_muladd_8ns_7ns_16s_16_4_1
INFO: [VRFC 10-2263] Analyzing SystemVerilog file "C:/Users/LENOVO/HWSW/HLS/rgb2gray_hls/rgb2gray_hls/hls/sim/verilog/rgb2gray_mul_8ns_9ns_16_1_1.v" into library xil_defaultlib
INFO: [VRFC 10-311] analyzing module rgb2gray_mul_8ns_9ns_16_1_1
INFO: [VRFC 10-2263] Analyzing SystemVerilog file "C:/Users/LENOVO/HWSW/HLS/rgb2gray_hls/rgb2gray_hls/hls/sim/verilog/dataflow_monitor.sv" into library xil_defaultlib
INFO: [VRFC 10-311] analyzing module dataflow_monitor
INFO: [VRFC 10-2263] Analyzing SystemVerilog file "C:/Users/LENOVO/HWSW/HLS/rgb2gray_hls/rgb2gray_hls/hls/sim/verilog/file_agent/file_agent_pkg.sv" into library xil_defaultlib
INFO: [VRFC 10-2263] Analyzing SystemVerilog file "C:/Users/LENOVO/HWSW/HLS/rgb2gray_hls/rgb2gray_hls/hls/sim/verilog/rgb2gray_subsystem/rgb2gray_subsystem_pkg.sv" into library xil_defaultlib
INFO: [VRFC 10-2263] Analyzing SystemVerilog file "C:/Users/LENOVO/HWSW/HLS/rgb2gray_hls/rgb2gray_hls/hls/sim/verilog/svtb/misc_interface.sv" into library xil_defaultlib
INFO: [VRFC 10-2263] Analyzing SystemVerilog file "C:/Users/LENOVO/HWSW/HLS/rgb2gray_hls/rgb2gray_hls/hls/sim/verilog/svtb/sv_module_top.sv" into library xil_defaultlib
INFO: [VRFC 10-311] analyzing module sv_module_top
Starting static elaboration
Pass Through NonSizing Optimizer
Completed static elaboration
Starting simulation data flow analysis
WARNING: [XSIM 43-4099] "/proj/primebuilds/9999.0_PRIME_0428_0031/installs/data/system_verilog/uvm_1.2/xlnx_uvm_package.sv" Line 4356. Module uvm_pkg doesn't have a timescale but at least one module in design has a timescale.
Completed simulation data flow analysis
Time Resolution for simulation is 1ps
Compiling package xil_defaultlib.$unit_sv_module_top_sv
Compiling package uvm.uvm_pkg
Compiling package std.std
Compiling package xil_defaultlib.rgb2gray_subsystem_pkg
Compiling package xil_defaultlib.file_agent_pkg
Compiling package xil_defaultlib.$unit_dataflow_monitor_sv
Compiling module xil_defaultlib.rgb2gray_mul_8ns_9ns_16_1_1(NUM_...
Compiling module xil_defaultlib.rgb2gray_mac_muladd_8ns_7ns_16s_...
Compiling module xil_defaultlib.rgb2gray_mac_muladd_8ns_7ns_16s_...
Compiling module xil_defaultlib.rgb2gray_mac_muladd_8ns_5ns_16s_...
Compiling module xil_defaultlib.rgb2gray_mac_muladd_8ns_5ns_16s_...
Compiling module xil_defaultlib.rgb2gray_flow_control_loop_pipe
Compiling module xil_defaultlib.rgb2gray
Compiling module xil_defaultlib.misc_interface_default
Compiling module xil_defaultlib.sv_module_top
Compiling module xil_defaultlib.AESL_automem_r
Compiling module xil_defaultlib.AESL_automem_g
Compiling module xil_defaultlib.AESL_automem_b
Compiling module xil_defaultlib.AESL_automem_gray
Compiling module xil_defaultlib.nodf_module_intf_default
Compiling module xil_defaultlib.upc_loop_intf(FSM_WIDTH=1)
Compiling module xil_defaultlib.dataflow_monitor_1
Compiling module xil_defaultlib.apatb_rgb2gray_top
Compiling module xil_defaultlib.glbl
Built simulation snapshot rgb2gray

****** xsim v2025.2 (64-bit)
  **** SW Build 6299465 on Fri Nov 14 19:35:11 GMT 2025
  **** IP Build 6300035 on Fri Nov 14 10:48:45 MST 2025
  **** SharedData Build 6298862 on Thu Nov 13 04:50:51 MST 2025
  **** Start of session at: Mon Jun 29 16:46:38 2026
    ** Copyright 1986-2022 Xilinx, Inc. All Rights Reserved.
    ** Copyright 2022-2025 Advanced Micro Devices, Inc. All Rights Reserved.

source xsim.dir/rgb2gray/xsim_script.tcl
# xsim {rgb2gray} -testplusarg UVM_VERBOSITY=UVM_NONE -testplusarg UVM_TESTNAME=rgb2gray_test_lib -testplusarg UVM_TIMEOUT=20000000000000 -autoloadwcfg -tclbatch {rgb2gray.tcl}
Time resolution is 1 ps
source rgb2gray.tcl
## run all
UVM_INFO C:/AMDDesignTools/2025.2/Vivado/data/system_verilog/uvm_1.2/xlnx_uvm_package.sv(18601) @ 0: reporter [UVM/RELNOTES] 
----------------------------------------------------------------
UVM-1.2
(C) 2007-2014 Mentor Graphics Corporation
(C) 2007-2014 Cadence Design Systems, Inc.
(C) 2006-2014 Synopsys, Inc.
(C) 2011-2013 Cypress Semiconductor Corp.
(C) 2013-2014 NVIDIA Corporation
----------------------------------------------------------------

  ***********       IMPORTANT RELEASE NOTES         ************

  You are using a version of the UVM library that has been compiled
  with `UVM_NO_DEPRECATED undefined.

  You are using a version of the UVM library that has been compiled
  with `UVM_OBJECT_DO_NOT_NEED_CONSTRUCTOR undefined.

      (Specify +UVM_NO_RELNOTES to turn off this notice)

UVM_INFO C:/AMDDesignTools/2025.2/Vivado/data/system_verilog/uvm_1.2/xlnx_uvm_package.sv(18648) @ 0: reporter [NO_DPI_TSTNAME] UVM_NO_DPI defined--getting UVM_TESTNAME directly, without DPI
UVM_INFO C:/AMDDesignTools/2025.2/Vivado/data/system_verilog/uvm_1.2/xlnx_uvm_package.sv(18752) @ 0: reporter [UVMTOP] UVM testbench topology:
-----------------------------------------------------------------
Name                      Type                        Size  Value
-----------------------------------------------------------------
uvm_test_top              rgb2gray_test_lib           -     @342 
  top_env                 rgb2gray_env                -     @353 
    refm                  rgb2gray_reference_model    -     @368 
      trans_num_idx       integral                    32    'h0  
    rgb2gray_virtual_sqr  rgb2gray_virtual_sequencer  -     @390 
      rsp_export          uvm_analysis_export         -     @399 
      seq_item_export     uvm_seq_item_pull_imp       -     @517 
      arbitration_queue   array                       0     -    
      lock_queue          array                       0     -    
      num_last_reqs       integral                    32    'd1  
      num_last_rsps       integral                    32    'd1  
    subsys_mon            rgb2gray_subsystem_monitor  -     @381 
      scbd                rgb2gray_scoreboard         -     @537 
        refm              rgb2gray_reference_model    -     @368 
          trans_num_idx   integral                    32    'h0  
    refm                  rgb2gray_reference_model    -     @368 
    rgb2gray_virtual_sqr  rgb2gray_virtual_sequencer  -     @390 
    rgb2gray_cfg          rgb2gray_config             -     @367 
      check_ena           integral                    32    'h0  
      cover_ena           integral                    32    'h0  
-----------------------------------------------------------------

UVM_INFO C:/AMDDesignTools/2025.2/Vivado/data/system_verilog/uvm_1.2/xlnx_uvm_package.sv(20867) @ 0: reporter [UVM/COMP/NAMECHECK] This implementation of the component name checks requires DPI to be enabled
////////////////////////////////////////////////////////////////////////////////////
// Inter-Transaction Progress: Completed Transaction / Total Transaction
// Intra-Transaction Progress: Measured Latency / Latency Estimation * 100%
//
// RTL Simulation : "Inter-Transaction Progress" ["Intra-Transaction Progress"] @ "Simulation Time"
////////////////////////////////////////////////////////////////////////////////////
// RTL Simulation : 0 / 1 [0.00%] @ "125000"
// RTL Simulation : 1 / 1 [100.00%] @ "3072205000"
////////////////////////////////////////////////////////////////////////////////////
$finish called at time : 3072255 ns : File "C:/AMDDesignTools/2025.2/Vivado/data/system_verilog/uvm_1.2/xlnx_uvm_package.sv" Line 18699
## quit
INFO: [Common 17-206] Exiting xsim at Mon Jun 29 16:46:46 2026...
INFO: [COSIM 212-316] Starting C post checking ...
Gray[0] = 140
Expected = 140
Test passed!
INFO: [COSIM 212-1000] *** C/RTL co-simulation finished: PASS ***
INFO: [COSIM 212-211] II is measurable only when transaction number is greater than 1 in RTL simulation. Otherwise, they will be marked as all NA. If user wants to calculate them, please make sure there are at least 2 transactions in RTL simulation.
INFO: [HLS 200-112] Total CPU user time: 2 seconds. Total CPU system time: 2 seconds. Total elapsed time: 88.671 seconds; peak allocated memory: 214.262 MB.
INFO: [vitis-run 60-791] Total elapsed time: 0h 1m 33s
