  **** HLS Build v2025.2 6295257
INFO: [HLS 200-2005] Using work_dir C:/Users/LENOVO/HWSW/HLS/rgb2gray_hls/rgb2gray_hls 
INFO: [HLS 200-2176] Writing Vitis IDE component file C:/Users/LENOVO/HWSW/HLS/rgb2gray_hls/rgb2gray_hls/vitis-comp.json
INFO: [HLS 200-10] Creating and opening component 'C:/Users/LENOVO/HWSW/HLS/rgb2gray_hls/rgb2gray_hls'.
INFO: [HLS 200-1505] Using default flow_target 'vivado'
Resolution: For help on HLS 200-1505 see docs.amd.com/access/sources/dita/topic?Doc_Version=2025.2%20English&url=ug1448-hls-guidance&resourceid=200-1505.html
INFO: [HLS 200-2174] Applying component config ini file hls_config.cfg
INFO: [HLS 200-1465] Applying config ini 'syn.file=rgb2gray.cpp' from hls_config.cfg(8)
INFO: [HLS 200-10] Adding design file 'C:/Users/LENOVO/HWSW/HLS/rgb2gray_hls/rgb2gray.cpp' to the project
INFO: [HLS 200-1465] Applying config ini 'tb.file=tb_rgb2gray.cpp' from hls_config.cfg(9)
INFO: [HLS 200-10] Adding test bench file 'C:/Users/LENOVO/HWSW/HLS/rgb2gray_hls/tb_rgb2gray.cpp' to the project
INFO: [HLS 200-1465] Applying config ini 'syn.top=rgb2gray' from hls_config.cfg(10)
INFO: [HLS 200-1465] Applying config ini 'flow_target=vivado' from hls_config.cfg(4)
INFO: [HLS 200-1505] Using flow_target 'vivado'
Resolution: For help on HLS 200-1505 see docs.amd.com/access/sources/dita/topic?Doc_Version=2025.2%20English&url=ug1448-hls-guidance&resourceid=200-1505.html
INFO: [HLS 200-1465] Applying config ini 'part=xc7z014sclg484-1' from hls_config.cfg(1)
INFO: [HLS 200-1611] Setting target device to 'xc7z014s-clg484-1'
INFO: [HLS 200-1465] Applying config ini 'clock=10ns' from hls_config.cfg(7)
INFO: [SYN 201-201] Setting up clock 'default' with a period of 10ns.
INFO: [HLS 200-1465] Applying config ini 'package.output.format=ip_catalog' from hls_config.cfg(5)
INFO: [HLS 200-2176] Writing Vitis IDE component file C:/Users/LENOVO/HWSW/HLS/rgb2gray_hls/rgb2gray_hls/vitis-comp.json
INFO: [HLS 200-111] Finished File checks and directory preparation: CPU user time: 1 seconds. CPU system time: 1 seconds. Elapsed time: 4.403 seconds; current allocated memory: 142.973 MB.
INFO: [HLS 200-2191] C-Synthesis will use clang-16 as the compiler
INFO: [HLS 200-10] Analyzing design file 'rgb2gray.cpp' ... 
INFO: [HLS 200-111] Finished Source Code Analysis and Preprocessing: CPU user time: 0 seconds. CPU system time: 1 seconds. Elapsed time: 9.328 seconds; current allocated memory: 145.223 MB.
INFO: [HLS 200-777] Using interface defaults for 'Vivado' flow target.
INFO: [HLS 200-1995] There were 598 instructions in the design after the 'Compile/Link' phase of compilation. See the Design Size Report for more details (C:/Users/LENOVO/HWSW/HLS/rgb2gray_hls/rgb2gray_hls/hls/syn/report/csynth_design_size.rpt:2)
INFO: [HLS 200-1995] There were 43 instructions in the design after the 'Unroll/Inline (step 1)' phase of compilation. See the Design Size Report for more details (C:/Users/LENOVO/HWSW/HLS/rgb2gray_hls/rgb2gray_hls/hls/syn/report/csynth_design_size.rpt:2)
INFO: [HLS 200-1995] There were 38 instructions in the design after the 'Unroll/Inline (step 2)' phase of compilation. See the Design Size Report for more details (C:/Users/LENOVO/HWSW/HLS/rgb2gray_hls/rgb2gray_hls/hls/syn/report/csynth_design_size.rpt:2)
INFO: [HLS 200-1995] There were 37 instructions in the design after the 'Unroll/Inline (step 3)' phase of compilation. See the Design Size Report for more details (C:/Users/LENOVO/HWSW/HLS/rgb2gray_hls/rgb2gray_hls/hls/syn/report/csynth_design_size.rpt:2)
INFO: [HLS 200-1995] There were 37 instructions in the design after the 'Unroll/Inline (step 4)' phase of compilation. See the Design Size Report for more details (C:/Users/LENOVO/HWSW/HLS/rgb2gray_hls/rgb2gray_hls/hls/syn/report/csynth_design_size.rpt:2)
INFO: [HLS 200-1995] There were 41 instructions in the design after the 'Array/Struct (step 1)' phase of compilation. See the Design Size Report for more details (C:/Users/LENOVO/HWSW/HLS/rgb2gray_hls/rgb2gray_hls/hls/syn/report/csynth_design_size.rpt:2)
INFO: [HLS 200-1995] There were 41 instructions in the design after the 'Array/Struct (step 2)' phase of compilation. See the Design Size Report for more details (C:/Users/LENOVO/HWSW/HLS/rgb2gray_hls/rgb2gray_hls/hls/syn/report/csynth_design_size.rpt:2)
INFO: [HLS 200-1995] There were 41 instructions in the design after the 'Array/Struct (step 3)' phase of compilation. See the Design Size Report for more details (C:/Users/LENOVO/HWSW/HLS/rgb2gray_hls/rgb2gray_hls/hls/syn/report/csynth_design_size.rpt:2)
INFO: [HLS 200-1995] There were 41 instructions in the design after the 'Array/Struct (step 4)' phase of compilation. See the Design Size Report for more details (C:/Users/LENOVO/HWSW/HLS/rgb2gray_hls/rgb2gray_hls/hls/syn/report/csynth_design_size.rpt:2)
INFO: [HLS 200-1995] There were 49 instructions in the design after the 'Array/Struct (step 5)' phase of compilation. See the Design Size Report for more details (C:/Users/LENOVO/HWSW/HLS/rgb2gray_hls/rgb2gray_hls/hls/syn/report/csynth_design_size.rpt:2)
INFO: [HLS 200-1995] There were 45 instructions in the design after the 'Performance (step 1)' phase of compilation. See the Design Size Report for more details (C:/Users/LENOVO/HWSW/HLS/rgb2gray_hls/rgb2gray_hls/hls/syn/report/csynth_design_size.rpt:2)
INFO: [HLS 200-1995] There were 45 instructions in the design after the 'Performance (step 2)' phase of compilation. See the Design Size Report for more details (C:/Users/LENOVO/HWSW/HLS/rgb2gray_hls/rgb2gray_hls/hls/syn/report/csynth_design_size.rpt:2)
INFO: [HLS 200-1995] There were 45 instructions in the design after the 'Performance (step 3)' phase of compilation. See the Design Size Report for more details (C:/Users/LENOVO/HWSW/HLS/rgb2gray_hls/rgb2gray_hls/hls/syn/report/csynth_design_size.rpt:2)
INFO: [HLS 200-1995] There were 45 instructions in the design after the 'Performance (step 4)' phase of compilation. See the Design Size Report for more details (C:/Users/LENOVO/HWSW/HLS/rgb2gray_hls/rgb2gray_hls/hls/syn/report/csynth_design_size.rpt:2)
INFO: [HLS 200-1995] There were 47 instructions in the design after the 'HW Transforms (step 1)' phase of compilation. See the Design Size Report for more details (C:/Users/LENOVO/HWSW/HLS/rgb2gray_hls/rgb2gray_hls/hls/syn/report/csynth_design_size.rpt:2)
INFO: [HLS 200-1995] There were 49 instructions in the design after the 'HW Transforms (step 2)' phase of compilation. See the Design Size Report for more details (C:/Users/LENOVO/HWSW/HLS/rgb2gray_hls/rgb2gray_hls/hls/syn/report/csynth_design_size.rpt:2)
INFO: [HLS 214-115] Multiple burst writes of length 307200 and bit width 8 in loop 'VITIS_LOOP_24_1'(rgb2gray.cpp:24:22) has been inferred on bundle 'gmem'. These burst requests might be further partitioned into multiple requests during RTL generation, based on max_read_burst_length or max_write_burst_length settings. (rgb2gray.cpp:24:22)
INFO: [HLS 200-111] Finished Compiling Optimization and Transform: CPU user time: 0 seconds. CPU system time: 0 seconds. Elapsed time: 9.549 seconds; current allocated memory: 147.359 MB.
INFO: [HLS 200-111] Finished Checking Pragmas: CPU user time: 0 seconds. CPU system time: 0 seconds. Elapsed time: 0.006 seconds; current allocated memory: 147.367 MB.
INFO: [HLS 200-10] Starting code transformations ...
INFO: [HLS 200-111] Finished Standard Transforms: CPU user time: 0 seconds. CPU system time: 0 seconds. Elapsed time: 0.051 seconds; current allocated memory: 151.539 MB.
INFO: [HLS 200-10] Checking synthesizability ...
INFO: [HLS 200-111] Finished Checking Synthesizability: CPU user time: 0 seconds. CPU system time: 0 seconds. Elapsed time: 0.028 seconds; current allocated memory: 152.867 MB.
INFO: [HLS 200-111] Finished Loop, function and other optimizations: CPU user time: 0 seconds. CPU system time: 0 seconds. Elapsed time: 0.066 seconds; current allocated memory: 173.805 MB.
INFO: [HLS 200-111] Finished Architecture Synthesis: CPU user time: 0 seconds. CPU system time: 0 seconds. Elapsed time: 0.064 seconds; current allocated memory: 173.809 MB.
INFO: [HLS 200-10] Starting hardware synthesis ...
INFO: [HLS 200-10] Synthesizing 'rgb2gray' ...
INFO: [HLS 200-10] ----------------------------------------------------------------
INFO: [HLS 200-42] -- Implementing module 'rgb2gray' 
INFO: [HLS 200-10] ----------------------------------------------------------------
INFO: [SCHED 204-11] Starting scheduling ...
INFO: [HLS 200-486] Changing DSP latency (root=add_ln26_4) to 3 in order to utilize available DSP registers.
INFO: [HLS 200-486] Changing DSP latency (root=add_ln26_2) to 3 in order to utilize available DSP registers.
INFO: [SCHED 204-61] Pipelining loop 'VITIS_LOOP_24_1'.
WARNING: [HLS 200-448] Lower bound of II is 3 due to multiple bus read operation ('gmem_addr_1_read', rgb2gray.cpp:26) on port 'gmem' (rgb2gray.cpp:26), bus read operation ('gmem_addr_2_read', rgb2gray.cpp:26) on port 'gmem' (rgb2gray.cpp:26), bus read operation ('gmem_addr_3_read', rgb2gray.cpp:26) on port 'gmem' (rgb2gray.cpp:26) accessing 'gmem' m_axi read
INFO: [HLS 200-1470] Pipelining result : Target II = 1, Final II = 3, Depth = 22, loop 'VITIS_LOOP_24_1'
INFO: [SCHED 204-11] Finished scheduling.
INFO: [HLS 200-111] Finished Scheduling: CPU user time: 0 seconds. CPU system time: 0 seconds. Elapsed time: 0.183 seconds; current allocated memory: 173.809 MB.
INFO: [BIND 205-100] Starting micro-architecture generation ...
INFO: [BIND 205-101] Performing variable lifetime analysis.
INFO: [BIND 205-101] Exploring resource sharing.
INFO: [BIND 205-101] Binding ...
INFO: [BIND 205-100] Finished micro-architecture generation.
INFO: [HLS 200-111] Finished Binding: CPU user time: 0 seconds. CPU system time: 0 seconds. Elapsed time: 0.049 seconds; current allocated memory: 173.809 MB.
INFO: [HLS 200-10] ----------------------------------------------------------------
INFO: [HLS 200-10] -- Generating RTL for module 'rgb2gray' 
INFO: [HLS 200-10] ----------------------------------------------------------------
WARNING: [RTGEN 206-101] Design contains AXI ports. Reset is fixed to synchronous and active low.
INFO: [RTGEN 206-500] Setting interface mode on port 'rgb2gray/gmem' to 'm_axi'.
INFO: [RTGEN 206-500] Setting interface mode on port 'rgb2gray/r' to 's_axilite & ap_none'.
INFO: [RTGEN 206-500] Setting interface mode on port 'rgb2gray/g' to 's_axilite & ap_none'.
INFO: [RTGEN 206-500] Setting interface mode on port 'rgb2gray/b' to 's_axilite & ap_none'.
INFO: [RTGEN 206-500] Setting interface mode on port 'rgb2gray/gray' to 's_axilite & ap_none'.
INFO: [RTGEN 206-500] Setting interface mode on function 'rgb2gray' to 's_axilite & ap_ctrl_hs'.
INFO: [HLS 200-1030] Apply Unified Pipeline Control on module 'rgb2gray' pipeline 'VITIS_LOOP_24_1' pipeline type 'loop pipeline'
INFO: [RTGEN 206-100] Bundling port 'r', 'g', 'b', 'gray' to AXI-Lite port control.
INFO: [RTGEN 206-100] Generating core module 'mac_muladd_8ns_5ns_16s_16_4_1': 1 instance(s).
INFO: [RTGEN 206-100] Generating core module 'mac_muladd_8ns_7ns_16s_16_4_1': 1 instance(s).
INFO: [RTGEN 206-100] Generating core module 'mul_8ns_9ns_16_1_1': 1 instance(s).
INFO: [RTGEN 206-100] Finished creating RTL model for 'rgb2gray'.
INFO: [HLS 200-111] Finished Creating RTL model: CPU user time: 0 seconds. CPU system time: 0 seconds. Elapsed time: 1.757 seconds; current allocated memory: 176.684 MB.
INFO: [HLS 200-111] Finished Generating all RTL models: CPU user time: 1 seconds. CPU system time: 0 seconds. Elapsed time: 0.921 seconds; current allocated memory: 180.578 MB.
INFO: [HLS 200-1603] Design has inferred MAXI bursts and missed bursts, see Vitis HLS GUI synthesis summary report for detailed information.
INFO: [HLS 200-2225] Wrote inferred directives to file C:/Users/LENOVO/HWSW/HLS/rgb2gray_hls/rgb2gray_hls/hls/syn/inferred_directives.ini
INFO: [HLS 200-111] Finished Updating report files: CPU user time: 1 seconds. CPU system time: 1 seconds. Elapsed time: 1.72 seconds; current allocated memory: 185.137 MB.
INFO: [VHDL 208-304] Generating VHDL RTL for rgb2gray.
INFO: [VLOG 209-307] Generating Verilog RTL for rgb2gray.
INFO: [HLS 200-790] **** Loop Constraint Status: All loop constraints were NOT satisfied.
INFO: [HLS 200-789] **** Estimated Fmax: 136.99 MHz
INFO: [HLS 200-112] Total CPU user time: 3 seconds. Total CPU system time: 3 seconds. Total elapsed time: 28.162 seconds; peak allocated memory: 185.207 MB.
INFO: [v++ 60-791] Total elapsed time: 0h 0m 32s
