#-----------------------------------------------------------
# Vivado v2025.2 (64-bit)
# SW Build 6299465 on Fri Nov 14 19:35:11 GMT 2025
# IP Build 6300035 on Fri Nov 14 10:48:45 MST 2025
# SharedData Build 6298862 on Thu Nov 13 04:50:51 MST 2025
# Start of session at: Mon Jun 29 17:11:01 2026
# Process ID         : 10612
# Current directory  : C:/Users/LENOVO/HWSW/HLS/rgb2gray_hls/rgb2gray_hls/hls/impl/ip
# Command line       : vivado.exe -notrace -mode batch -source run_ippack.tcl
# Log file           : C:/Users/LENOVO/HWSW/HLS/rgb2gray_hls/rgb2gray_hls/hls/impl/ip/vivado.log
# Journal file       : C:/Users/LENOVO/HWSW/HLS/rgb2gray_hls/rgb2gray_hls/hls/impl/ip\vivado.jou
# Running On         : DESKTOPWIBU
# Platform           : Windows Server 2016 or Windows 10
# Operating System   : 26200
# Processor Detail   : AMD Ryzen 5 5600H with Radeon Graphics         
# CPU Frequency      : 3294 MHz
# CPU Physical cores : 6
# CPU Logical cores  : 12
# Host memory        : 17024 MB
# Swap memory        : 12348 MB
# Total Virtual      : 29372 MB
# Available Virtual  : 9556 MB
#-----------------------------------------------------------
source run_ippack.tcl -notrace
INFO: calling package_hls_ip ip_types=vitis sysgen json_file=C:/Users/LENOVO/HWSW/HLS/rgb2gray_hls/rgb2gray_hls/hls/hls_data.json outdir=C:/Users/LENOVO/HWSW/HLS/rgb2gray_hls/rgb2gray_hls/hls/impl/ip srcdir=C:/Users/LENOVO/HWSW/HLS/rgb2gray_hls/rgb2gray_hls/hls ippack_options_dict= ippack_options_dict=
INFO: Copied 1 ipmisc file(s) to C:/Users/LENOVO/HWSW/HLS/rgb2gray_hls/rgb2gray_hls/hls/impl/ip/misc
INFO: Copied 7 verilog file(s) to C:/Users/LENOVO/HWSW/HLS/rgb2gray_hls/rgb2gray_hls/hls/impl/ip/hdl/verilog
INFO: Copied 7 vhdl file(s) to C:/Users/LENOVO/HWSW/HLS/rgb2gray_hls/rgb2gray_hls/hls/impl/ip/hdl/vhdl
INFO: Copied 10 swdriver file(s) to C:/Users/LENOVO/HWSW/HLS/rgb2gray_hls/rgb2gray_hls/hls/impl/ip/drivers
ipx::create_core: Time (s): cpu = 00:00:12 ; elapsed = 00:00:09 . Memory (MB): peak = 537.965 ; gain = 213.707
INFO: Import ports from HDL: C:/Users/LENOVO/HWSW/HLS/rgb2gray_hls/rgb2gray_hls/hls/impl/ip/hdl/vhdl/rgb2gray.vhd (rgb2gray)
INFO: Add axi4lite interface s_axi_control
INFO: Add clock interface ap_clk
INFO: Add reset interface ap_rst_n
INFO: Add interrupt interface interrupt
INFO: [IP_Flow 19-234] Refreshing IP repositories
INFO: [IP_Flow 19-1704] No user IP repositories specified
INFO: [IP_Flow 19-2313] Loaded Vivado IP repository 'C:/AMDDesignTools/2025.2/Vivado/data/ip'.
INFO: Add axi4full interface m_axi_gmem
INFO: Calling post_process_vitis to specialize IP
INFO: Calling post_process_sysgen to specialize IP
Generating sysgen info xml from json file
INFO: Created IP C:/Users/LENOVO/HWSW/HLS/rgb2gray_hls/rgb2gray_hls/hls/impl/ip/component.xml
INFO: Created IP archive C:/Users/LENOVO/HWSW/HLS/rgb2gray_hls/rgb2gray_hls/hls/impl/ip/xilinx_com_hls_rgb2gray_1_0.zip
INFO: [Common 17-206] Exiting Vivado at Mon Jun 29 17:11:18 2026...
