================================================================
== Design Size Report
================================================================

* Total Instructions per Compilation Phase
+---------------+----------------------------+--------------+----------------------------------------------------------------------------------------+
| Phase         | Step                       | Instructions | Description                                                                            |
+---------------+----------------------------+--------------+----------------------------------------------------------------------------------------+
| Compile/Link  |                            | 598          | After all functions are compiled and linked into a single design                       |
|               |                            |              |                                                                                        |
| Unroll/Inline |                            |              | After user unroll and inline pragmas are applied                                       |
|               | (1) unroll                 |  43          | user unroll pragmas are applied                                                        |
|               | (2) simplification         |  38          | simplification of applied user unroll pragmas                                          |
|               | (3) inline                 |  37          | user inline pragmas are applied                                                        |
|               | (4) simplification         |  37          | simplification of applied user inline pragmas                                          |
|               |                            |              |                                                                                        |
| Array/Struct  |                            |              | After user array partition and struct aggregate/disaggregate pragmas are applied       |
|               | (1) array partition        |  41          | user array partition pragmas are applied                                               |
|               | (2) simplification         |  41          | simplification of applied user array partition & struct aggregate/disaggregate pragmas |
|               | (3) aggregate/disaggregate |  41          | user struct aggregate/disaggregate pragmas are applied                                 |
|               | (4) array reshape          |  41          | apply array reshape pragmas                                                            |
|               | (5) access patterns        |  49          | array access pattern optmizations                                                      |
|               |                            |              |                                                                                        |
| Performance   |                            |              | After transformations are applied to meet performance pragma targets                   |
|               | (1) loop simplification    |  45          | loop and instruction simplification                                                    |
|               | (2) parallelization        |  45          | loops are unrolled or pipelined to meet performance targets                            |
|               | (3) array partition        |  45          | arrays are partitioned to meet performance targets                                     |
|               | (4) simplification         |  45          | simplification of design after performance transformations                             |
|               |                            |              |                                                                                        |
| HW Transforms |                            |              | After hardware transfomations                                                          |
|               | (1) lowering               |  47          | initial conversion to HW specific instructions                                         |
|               | (2) optimizations          |  49          | high level synthesis optimizations                                                     |
+---------------+----------------------------+--------------+----------------------------------------------------------------------------------------+

* Instructions per Function for each Compilation Phase
+------------+----------------+--------------+---------------+--------------+-------------+---------------+
| Function   | Location       | Compile/Link | Unroll/Inline | Array/Struct | Performance | HW Transforms |
+------------+----------------+--------------+---------------+--------------+-------------+---------------+
|   rgb2gray | rgb2gray.cpp:7 | 598          | 37            | 49           | 45          | 49            |
+------------+----------------+--------------+---------------+--------------+-------------+---------------+

* Design Size Message Settings
+---------------------------------------------+--------+------------------------------------------------------------------+
| Message Setting                             | Value  | Description                                                      |
+---------------------------------------------+--------+------------------------------------------------------------------+
| config_compile -design_size_maximum_warning | 100000 | Show a warning when total design instructions exceeds this value |
+---------------------------------------------+--------+------------------------------------------------------------------+


