

================================================================
== Vitis HLS Report for 'rgb2gray'
================================================================
* Date:           Mon Jun 29 17:00:12 2026

* Version:        2025.2 (Build 6295257 on Nov 14 2025)
* Project:        rgb2gray_hls
* Solution:       hls (Vivado IP Flow Target)
* Product family: zynq
* Target device:  xc7z014s-clg484-1


================================================================
== Performance Estimates
================================================================
+ Timing: 
    * Summary: 
    +--------+----------+----------+------------+
    |  Clock |  Target  | Estimated| Uncertainty|
    +--------+----------+----------+------------+
    |ap_clk  |  10.00 ns|  7.300 ns|     2.70 ns|
    +--------+----------+----------+------------+

+ Latency: 
    * Summary: 
    +---------+---------+----------+----------+--------+--------+------------------------------------------------+
    |  Latency (cycles) |  Latency (absolute) |     Interval    |                    Pipeline                    |
    |   min   |   max   |    min   |    max   |   min  |   max  |                      Type                      |
    +---------+---------+----------+----------+--------+--------+------------------------------------------------+
    |   921620|   921620|  9.216 ms|  9.216 ms|  921600|  921600|  loop auto-rewind stp (delay=0 clock cycles(s))|
    +---------+---------+----------+----------+--------+--------+------------------------------------------------+

    + Detail: 
        * Instance: 
        N/A

        * Loop: 
        +-------------------+---------+---------+----------+-----------+-----------+--------+----------+
        |                   |  Latency (cycles) | Iteration|  Initiation Interval  |  Trip  |          |
        |     Loop Name     |   min   |   max   |  Latency |  achieved |   target  |  Count | Pipelined|
        +-------------------+---------+---------+----------+-----------+-----------+--------+----------+
        |- VITIS_LOOP_24_1  |   921618|   921618|        22|          3|          1|  307200|       yes|
        +-------------------+---------+---------+----------+-----------+-----------+--------+----------+



================================================================
== Utilization Estimates
================================================================
* Summary: 
+-----------------+---------+-----+-------+-------+-----+
|       Name      | BRAM_18K| DSP |   FF  |  LUT  | URAM|
+-----------------+---------+-----+-------+-------+-----+
|DSP              |        -|    2|      -|      -|    -|
|Expression       |        -|    -|      0|    323|    -|
|FIFO             |        -|    -|      -|      -|    -|
|Instance         |        2|    0|   1122|   1448|    -|
|Memory           |        -|    -|      -|      -|    -|
|Multiplexer      |        -|    -|      0|    193|    -|
|Register         |        -|    -|    413|     32|    -|
+-----------------+---------+-----+-------+-------+-----+
|Total            |        2|    2|   1535|   1996|    0|
+-----------------+---------+-----+-------+-------+-----+
|Available        |      214|  170|  81200|  40600|    0|
+-----------------+---------+-----+-------+-------+-----+
|Utilization (%)  |       ~0|    1|      1|      4|    0|
+-----------------+---------+-----+-------+-------+-----+

+ Detail: 
    * Instance: 
    +-----------------------+--------------------+---------+----+-----+-----+-----+
    |        Instance       |       Module       | BRAM_18K| DSP|  FF | LUT | URAM|
    +-----------------------+--------------------+---------+----+-----+-----+-----+
    |control_s_axi_U        |control_s_axi       |        0|   0|  316|  552|    0|
    |gmem_m_axi_U           |gmem_m_axi          |        2|   0|  806|  845|    0|
    |mul_8ns_9ns_16_1_1_U1  |mul_8ns_9ns_16_1_1  |        0|   0|    0|   51|    0|
    +-----------------------+--------------------+---------+----+-----+-----+-----+
    |Total                  |                    |        2|   0| 1122| 1448|    0|
    +-----------------------+--------------------+---------+----+-----+-----+-----+

    * DSP: 
    +----------------------------------+-------------------------------+--------------+
    |             Instance             |             Module            |  Expression  |
    +----------------------------------+-------------------------------+--------------+
    |mac_muladd_8ns_5ns_16s_16_4_1_U3  |mac_muladd_8ns_5ns_16s_16_4_1  |  i0 + i1 * i2|
    |mac_muladd_8ns_7ns_16s_16_4_1_U2  |mac_muladd_8ns_7ns_16s_16_4_1  |  i0 + i1 * i2|
    +----------------------------------+-------------------------------+--------------+

    * Memory: 
    N/A

    * FIFO: 
    N/A

    * Expression: 
    +----------------------------------------+----------+----+---+----+------------+------------+
    |              Variable Name             | Operation| DSP| FF| LUT| Bitwidth P0| Bitwidth P1|
    +----------------------------------------+----------+----+---+----+------------+------------+
    |add_ln26_1_fu_194_p2                    |         +|   0|  0|  71|          64|          64|
    |add_ln26_3_fu_206_p2                    |         +|   0|  0|  71|          64|          64|
    |add_ln26_fu_182_p2                      |         +|   0|  0|  71|          64|          64|
    |i_3_fu_218_p2                           |         +|   0|  0|  26|          19|           1|
    |ap_block_pp0_stage0_11001_grp4          |       and|   0|  0|   2|           1|           1|
    |ap_block_pp0_stage0_11001_grp5          |       and|   0|  0|   2|           1|           1|
    |ap_block_pp0_stage0_11001_grp9          |       and|   0|  0|   2|           1|           1|
    |ap_block_pp0_stage1_11001_grp1          |       and|   0|  0|   2|           1|           1|
    |ap_block_pp0_stage1_11001_grp2          |       and|   0|  0|   2|           1|           1|
    |ap_block_pp0_stage1_11001_grp6          |       and|   0|  0|   2|           1|           1|
    |ap_block_pp0_stage1_11001_grp8          |       and|   0|  0|   2|           1|           1|
    |ap_block_pp0_stage2_11001_grp3          |       and|   0|  0|   2|           1|           1|
    |ap_block_pp0_stage2_11001_grp7          |       and|   0|  0|   2|           1|           1|
    |ap_block_state22_pp0_stage0_iter7_grp9  |       and|   0|  0|   2|           1|           1|
    |ap_block_state2_io_grp1                 |       and|   0|  0|   2|           1|           1|
    |ap_condition_568                        |       and|   0|  0|   2|           1|           1|
    |first_iter_0_fu_166_p2                  |      icmp|   0|  0|  26|          19|           1|
    |icmp_ln24_fu_224_p2                     |      icmp|   0|  0|  26|          19|          19|
    |ap_block_pp0_stage0_11001               |        or|   0|  0|   2|           1|           1|
    |ap_block_pp0_stage1_11001               |        or|   0|  0|   2|           1|           1|
    |ap_block_pp0_stage2_11001               |        or|   0|  0|   2|           1|           1|
    |ap_enable_pp0                           |       xor|   0|  0|   2|           1|           2|
    +----------------------------------------+----------+----+---+----+------------+------------+
    |Total                                   |          |   0|  0| 323|         265|         230|
    +----------------------------------------+----------+----+---+----+------------+------------+

    * Multiplexer: 
    +----------------------------------+----+-----------+-----+-----------+
    |               Name               | LUT| Input Size| Bits| Total Bits|
    +----------------------------------+----+-----------+-----+-----------+
    |ap_NS_fsm                         |  20|          4|    1|          4|
    |ap_done_int                       |   9|          2|    1|          2|
    |ap_enable_reg_pp0_iter0           |   9|          2|    1|          2|
    |ap_enable_reg_pp0_iter7           |   9|          2|    1|          2|
    |ap_loop_exit_ready_pp0_iter1_reg  |   9|          2|    1|          2|
    |ap_loop_exit_ready_pp0_iter2_reg  |   9|          2|    1|          2|
    |ap_loop_exit_ready_pp0_iter3_reg  |   9|          2|    1|          2|
    |ap_loop_exit_ready_pp0_iter4_reg  |   9|          2|    1|          2|
    |ap_loop_exit_ready_pp0_iter5_reg  |   9|          2|    1|          2|
    |ap_loop_exit_ready_pp0_iter6_reg  |   9|          2|    1|          2|
    |ap_loop_exit_ready_pp0_iter7_reg  |   9|          2|    1|          2|
    |ap_sig_allocacmp_i_2              |   9|          2|   19|         38|
    |gmem_0_ARADDR                     |  20|          4|   64|        256|
    |gmem_blk_n_AR                     |   9|          2|    1|          2|
    |gmem_blk_n_AW                     |   9|          2|    1|          2|
    |gmem_blk_n_B                      |   9|          2|    1|          2|
    |gmem_blk_n_R                      |   9|          2|    1|          2|
    |gmem_blk_n_W                      |   9|          2|    1|          2|
    |i_fu_94                           |   9|          2|   19|         38|
    +----------------------------------+----+-----------+-----+-----------+
    |Total                             | 193|         42|  118|        366|
    +----------------------------------+----+-----------+-----+-----------+

    * Register: 
    +-------------------------------------------------+----+----+-----+-----------+
    |                       Name                      | FF | LUT| Bits| Const Bits|
    +-------------------------------------------------+----+----+-----+-----------+
    |add_ln26_2_reg_337                               |  16|   0|   16|          0|
    |ap_CS_fsm                                        |   3|   0|    3|          0|
    |ap_block_pp0_stage0_subdone_grp0_done_reg        |   1|   0|    1|          0|
    |ap_block_pp0_stage0_subdone_grp0_done_reg_iter0  |   1|   0|    1|          0|
    |ap_block_pp0_stage0_subdone_grp4_done_reg        |   1|   0|    1|          0|
    |ap_block_pp0_stage0_subdone_grp5_done_reg        |   1|   0|    1|          0|
    |ap_block_pp0_stage0_subdone_grp9_done_reg        |   1|   0|    1|          0|
    |ap_block_pp0_stage1_subdone_grp0_done_reg        |   1|   0|    1|          0|
    |ap_block_pp0_stage1_subdone_grp1_done_reg        |   1|   0|    1|          0|
    |ap_block_pp0_stage1_subdone_grp2_done_reg        |   1|   0|    1|          0|
    |ap_block_pp0_stage1_subdone_grp6_done_reg        |   1|   0|    1|          0|
    |ap_block_pp0_stage1_subdone_grp8_done_reg        |   1|   0|    1|          0|
    |ap_block_pp0_stage2_subdone_grp0_done_reg        |   1|   0|    1|          0|
    |ap_block_pp0_stage2_subdone_grp3_done_reg        |   1|   0|    1|          0|
    |ap_block_pp0_stage2_subdone_grp7_done_reg        |   1|   0|    1|          0|
    |ap_done_reg                                      |   1|   0|    1|          0|
    |ap_enable_reg_pp0_iter0_reg                      |   1|   0|    1|          0|
    |ap_enable_reg_pp0_iter1                          |   1|   0|    1|          0|
    |ap_enable_reg_pp0_iter2                          |   1|   0|    1|          0|
    |ap_enable_reg_pp0_iter3                          |   1|   0|    1|          0|
    |ap_enable_reg_pp0_iter4                          |   1|   0|    1|          0|
    |ap_enable_reg_pp0_iter5                          |   1|   0|    1|          0|
    |ap_enable_reg_pp0_iter6                          |   1|   0|    1|          0|
    |ap_enable_reg_pp0_iter7                          |   1|   0|    1|          0|
    |ap_loop_exit_ready_pp0_iter1_reg                 |   1|   0|    1|          0|
    |ap_loop_exit_ready_pp0_iter2_reg                 |   1|   0|    1|          0|
    |ap_loop_exit_ready_pp0_iter3_reg                 |   1|   0|    1|          0|
    |ap_loop_exit_ready_pp0_iter4_reg                 |   1|   0|    1|          0|
    |ap_loop_exit_ready_pp0_iter5_reg                 |   1|   0|    1|          0|
    |ap_loop_exit_ready_pp0_iter6_reg                 |   1|   0|    1|          0|
    |ap_loop_exit_ready_pp0_iter7_reg                 |   1|   0|    1|          0|
    |first_iter_0_reg_284                             |   1|   0|    1|          0|
    |gmem_addr_1_reg_295                              |  64|   0|   64|          0|
    |gmem_addr_2_reg_301                              |  64|   0|   64|          0|
    |gmem_addr_3_read_reg_322                         |   8|   0|    8|          0|
    |gmem_addr_3_reg_307                              |  64|   0|   64|          0|
    |gmem_addr_reg_288                                |  64|   0|   64|          0|
    |i_fu_94                                          |  19|   0|   19|          0|
    |icmp_ln24_reg_313                                |   1|   0|    1|          0|
    |reg_154                                          |   8|   0|    8|          0|
    |trunc_ln_reg_342                                 |   8|   0|    8|          0|
    |icmp_ln24_reg_313                                |  64|  32|    1|          0|
    +-------------------------------------------------+----+----+-----+-----------+
    |Total                                            | 413|  32|  350|          0|
    +-------------------------------------------------+----+----+-----+-----------+



================================================================
== Interface
================================================================
* Summary: 
+-----------------------+-----+-----+------------+--------------+--------------+
|       RTL Ports       | Dir | Bits|  Protocol  | Source Object|    C Type    |
+-----------------------+-----+-----+------------+--------------+--------------+
|s_axi_control_AWVALID  |   in|    1|       s_axi|       control|        scalar|
|s_axi_control_AWREADY  |  out|    1|       s_axi|       control|        scalar|
|s_axi_control_AWADDR   |   in|    6|       s_axi|       control|        scalar|
|s_axi_control_WVALID   |   in|    1|       s_axi|       control|        scalar|
|s_axi_control_WREADY   |  out|    1|       s_axi|       control|        scalar|
|s_axi_control_WDATA    |   in|   32|       s_axi|       control|        scalar|
|s_axi_control_WSTRB    |   in|    4|       s_axi|       control|        scalar|
|s_axi_control_ARVALID  |   in|    1|       s_axi|       control|        scalar|
|s_axi_control_ARREADY  |  out|    1|       s_axi|       control|        scalar|
|s_axi_control_ARADDR   |   in|    6|       s_axi|       control|        scalar|
|s_axi_control_RVALID   |  out|    1|       s_axi|       control|        scalar|
|s_axi_control_RREADY   |   in|    1|       s_axi|       control|        scalar|
|s_axi_control_RDATA    |  out|   32|       s_axi|       control|        scalar|
|s_axi_control_RRESP    |  out|    2|       s_axi|       control|        scalar|
|s_axi_control_BVALID   |  out|    1|       s_axi|       control|        scalar|
|s_axi_control_BREADY   |   in|    1|       s_axi|       control|        scalar|
|s_axi_control_BRESP    |  out|    2|       s_axi|       control|        scalar|
|ap_clk                 |   in|    1|  ap_ctrl_hs|      rgb2gray|  return value|
|ap_rst_n               |   in|    1|  ap_ctrl_hs|      rgb2gray|  return value|
|interrupt              |  out|    1|  ap_ctrl_hs|      rgb2gray|  return value|
|m_axi_gmem_AWVALID     |  out|    1|       m_axi|          gmem|       pointer|
|m_axi_gmem_AWREADY     |   in|    1|       m_axi|          gmem|       pointer|
|m_axi_gmem_AWADDR      |  out|   64|       m_axi|          gmem|       pointer|
|m_axi_gmem_AWID        |  out|    1|       m_axi|          gmem|       pointer|
|m_axi_gmem_AWLEN       |  out|    8|       m_axi|          gmem|       pointer|
|m_axi_gmem_AWSIZE      |  out|    3|       m_axi|          gmem|       pointer|
|m_axi_gmem_AWBURST     |  out|    2|       m_axi|          gmem|       pointer|
|m_axi_gmem_AWLOCK      |  out|    2|       m_axi|          gmem|       pointer|
|m_axi_gmem_AWCACHE     |  out|    4|       m_axi|          gmem|       pointer|
|m_axi_gmem_AWPROT      |  out|    3|       m_axi|          gmem|       pointer|
|m_axi_gmem_AWQOS       |  out|    4|       m_axi|          gmem|       pointer|
|m_axi_gmem_AWREGION    |  out|    4|       m_axi|          gmem|       pointer|
|m_axi_gmem_AWUSER      |  out|    1|       m_axi|          gmem|       pointer|
|m_axi_gmem_WVALID      |  out|    1|       m_axi|          gmem|       pointer|
|m_axi_gmem_WREADY      |   in|    1|       m_axi|          gmem|       pointer|
|m_axi_gmem_WDATA       |  out|   32|       m_axi|          gmem|       pointer|
|m_axi_gmem_WSTRB       |  out|    4|       m_axi|          gmem|       pointer|
|m_axi_gmem_WLAST       |  out|    1|       m_axi|          gmem|       pointer|
|m_axi_gmem_WID         |  out|    1|       m_axi|          gmem|       pointer|
|m_axi_gmem_WUSER       |  out|    1|       m_axi|          gmem|       pointer|
|m_axi_gmem_ARVALID     |  out|    1|       m_axi|          gmem|       pointer|
|m_axi_gmem_ARREADY     |   in|    1|       m_axi|          gmem|       pointer|
|m_axi_gmem_ARADDR      |  out|   64|       m_axi|          gmem|       pointer|
|m_axi_gmem_ARID        |  out|    1|       m_axi|          gmem|       pointer|
|m_axi_gmem_ARLEN       |  out|    8|       m_axi|          gmem|       pointer|
|m_axi_gmem_ARSIZE      |  out|    3|       m_axi|          gmem|       pointer|
|m_axi_gmem_ARBURST     |  out|    2|       m_axi|          gmem|       pointer|
|m_axi_gmem_ARLOCK      |  out|    2|       m_axi|          gmem|       pointer|
|m_axi_gmem_ARCACHE     |  out|    4|       m_axi|          gmem|       pointer|
|m_axi_gmem_ARPROT      |  out|    3|       m_axi|          gmem|       pointer|
|m_axi_gmem_ARQOS       |  out|    4|       m_axi|          gmem|       pointer|
|m_axi_gmem_ARREGION    |  out|    4|       m_axi|          gmem|       pointer|
|m_axi_gmem_ARUSER      |  out|    1|       m_axi|          gmem|       pointer|
|m_axi_gmem_RVALID      |   in|    1|       m_axi|          gmem|       pointer|
|m_axi_gmem_RREADY      |  out|    1|       m_axi|          gmem|       pointer|
|m_axi_gmem_RDATA       |   in|   32|       m_axi|          gmem|       pointer|
|m_axi_gmem_RLAST       |   in|    1|       m_axi|          gmem|       pointer|
|m_axi_gmem_RID         |   in|    1|       m_axi|          gmem|       pointer|
|m_axi_gmem_RUSER       |   in|    1|       m_axi|          gmem|       pointer|
|m_axi_gmem_RRESP       |   in|    2|       m_axi|          gmem|       pointer|
|m_axi_gmem_BVALID      |   in|    1|       m_axi|          gmem|       pointer|
|m_axi_gmem_BREADY      |  out|    1|       m_axi|          gmem|       pointer|
|m_axi_gmem_BRESP       |   in|    2|       m_axi|          gmem|       pointer|
|m_axi_gmem_BID         |   in|    1|       m_axi|          gmem|       pointer|
|m_axi_gmem_BUSER       |   in|    1|       m_axi|          gmem|       pointer|
+-----------------------+-----+-----+------------+--------------+--------------+

